This is XeTeX, Version 3.14159265-2.6-0.99999 (TeX Live 2018) (preloaded format=xelatex 2019.1.8)  9 APR 2019 09:31
entering extended mode
 restricted \write18 enabled.
 %&-line parsing enabled.
**Chap_summary.tex
(./Chap_summary.tex
LaTeX2e <2018-04-01> patch level 2
Babel <3.18> and hyphenation patterns for 84 language(s) loaded.
! Undefined control sequence.
l.1 \chapter
            {总结与展望} \label{chap:summary}
The control sequence at the end of the top line
of your error message was never \def'ed. If you have
misspelled it (e.g., `\hobx'), type `I' and the correct
spelling (e.g., `I\hbox'). Otherwise just continue,
and I'll forget about whatever was undefined.


! LaTeX Error: Missing \begin{document}.

See the LaTeX manual or LaTeX Companion for explanation.
Type  H <return>  for immediate help.
 ...                                              
                                                  
l.1 \chapter{总
              结与展望} \label{chap:summary}
You're in trouble here.  Try typing  <return>  to proceed.
If that doesn't work, type  X <return>  to quit.

Missing character: There is no 总 in font nullfont!
Missing character: There is no 结 in font nullfont!
Missing character: There is no 与 in font nullfont!
Missing character: There is no 展 in font nullfont!
Missing character: There is no 望 in font nullfont!

Overfull \hbox (20.0pt too wide) in paragraph at lines 1--2
[]
 []


! LaTeX Error: Missing \begin{document}.

See the LaTeX manual or LaTeX Companion for explanation.
Type  H <return>  for immediate help.
 ...                                              
                                                  
l.3 本
     文受地球物理中的勘探模型启发， 针对半空间弹性波反散射问题研究了逆时偏移算法。 在研究反散射问题前， 我们首先系统地研究了空间弹性波正散射问题...

You're in trouble here.  Try typing  <return>  to proceed.
If that doesn't work, type  X <return>  to quit.

Missing character: There is no 本 in font nullfont!
Missing character: There is no 文 in font nullfont!
Missing character: There is no 受 in font nullfont!
Missing character: There is no 地 in font nullfont!
Missing character: There is no 球 in font nullfont!
Missing character: There is no 物 in font nullfont!
Missing character: There is no 理 in font nullfont!
Missing character: There is no 中 in font nullfont!
Missing character: There is no 的 in font nullfont!
Missing character: There is no 勘 in font nullfont!
Missing character: There is no 探 in font nullfont!
Missing character: There is no 模 in font nullfont!
Missing character: There is no 型 in font nullfont!
Missing character: There is no 启 in font nullfont!
Missing character: There is no 发 in font nullfont!
Missing character: There is no ， in font nullfont!
Missing character: There is no 针 in font nullfont!
Missing character: There is no 对 in font nullfont!
Missing character: There is no 半 in font nullfont!
Missing character: There is no 空 in font nullfont!
Missing character: There is no 间 in font nullfont!
Missing character: There is no 弹 in font nullfont!
Missing character: There is no 性 in font nullfont!
Missing character: There is no 波 in font nullfont!
Missing character: There is no 反 in font nullfont!
Missing character: There is no 散 in font nullfont!
Missing character: There is no 射 in font nullfont!
Missing character: There is no 问 in font nullfont!
Missing character: There is no 题 in font nullfont!
Missing character: There is no 研 in font nullfont!
Missing character: There is no 究 in font nullfont!
Missing character: There is no 了 in font nullfont!
Missing character: There is no 逆 in font nullfont!
Missing character: There is no 时 in font nullfont!
Missing character: There is no 偏 in font nullfont!
Missing character: There is no 移 in font nullfont!
Missing character: There is no 算 in font nullfont!
Missing character: There is no 法 in font nullfont!
Missing character: There is no 。 in font nullfont!
Missing character: There is no 在 in font nullfont!
Missing character: There is no 研 in font nullfont!
Missing character: There is no 究 in font nullfont!
Missing character: There is no 反 in font nullfont!
Missing character: There is no 散 in font nullfont!
Missing character: There is no 射 in font nullfont!
Missing character: There is no 问 in font nullfont!
Missing character: There is no 题 in font nullfont!
Missing character: There is no 前 in font nullfont!
Missing character: There is no ， in font nullfont!
Missing character: There is no 我 in font nullfont!
Missing character: There is no 们 in font nullfont!
Missing character: There is no 首 in font nullfont!
Missing character: There is no 先 in font nullfont!
Missing character: There is no 系 in font nullfont!
Missing character: There is no 统 in font nullfont!
Missing character: There is no 地 in font nullfont!
Missing character: There is no 研 in font nullfont!
Missing character: There is no 究 in font nullfont!
Missing character: There is no 了 in font nullfont!
Missing character: There is no 空 in font nullfont!
Missing character: There is no 间 in font nullfont!
Missing character: There is no 弹 in font nullfont!
Missing character: There is no 性 in font nullfont!
Missing character: There is no 波 in font nullfont!
Missing character: There is no 正 in font nullfont!
Missing character: There is no 散 in font nullfont!
Missing character: There is no 射 in font nullfont!
Missing character: There is no 问 in font nullfont!
Missing character: There is no 题 in font nullfont!
Missing character: There is no 。 in font nullfont!
Missing character: There is no 利 in font nullfont!
Missing character: There is no 用 in font nullfont!
Missing character: There is no F in font nullfont!
Missing character: There is no o in font nullfont!
Missing character: There is no u in font nullfont!
Missing character: There is no r in font nullfont!
Missing character: There is no i in font nullfont!
Missing character: There is no e in font nullfont!
Missing character: There is no r in font nullfont!
Missing character: There is no 变 in font nullfont!
Missing character: There is no 换 in font nullfont!
Missing character: There is no 推 in font nullfont!
Missing character: There is no 到 in font nullfont!
Missing character: There is no 出 in font nullfont!
Missing character: There is no 了 in font nullfont!
Missing character: There is no 两 in font nullfont!
Missing character: There is no 种 in font nullfont!
Missing character: There is no 半 in font nullfont!
Missing character: There is no 空 in font nullfont!
Missing character: There is no 间 in font nullfont!
Missing character: There is no G in font nullfont!
Missing character: There is no r in font nullfont!
Missing character: There is no e in font nullfont!
Missing character: There is no e in font nullfont!
Missing character: There is no n in font nullfont!
Missing character: There is no 函 in font nullfont!
Missing character: There is no 数 in font nullfont!
Missing character: There is no ： in font nullfont!
Missing character: There is no N in font nullfont!
Missing character: There is no e in font nullfont!
Missing character: There is no u in font nullfont!
Missing character: There is no m in font nullfont!
Missing character: There is no a in font nullfont!
Missing character: There is no n in font nullfont!
Missing character: There is no n in font nullfont!
Missing character: There is no G in font nullfont!
Missing character: There is no r in font nullfont!
Missing character: There is no e in font nullfont!
Missing character: There is no e in font nullfont!
Missing character: There is no n in font nullfont!
Missing character: There is no 函 in font nullfont!
Missing character: There is no 数 in font nullfont!
Missing character: There is no 和 in font nullfont!
Missing character: There is no D in font nullfont!
Missing character: There is no i in font nullfont!
Missing character: There is no r in font nullfont!
Missing character: There is no i in font nullfont!
Missing character: There is no c in font nullfont!
Missing character: There is no h in font nullfont!
Missing character: There is no l in font nullfont!
Missing character: There is no e in font nullfont!
Missing character: There is no t in font nullfont!
Missing character: There is no G in font nullfont!
Missing character: There is no r in font nullfont!
Missing character: There is no e in font nullfont!
Missing character: There is no e in font nullfont!
Missing character: There is no n in font nullfont!
Missing character: There is no 函 in font nullfont!
Missing character: There is no 数 in font nullfont!
Missing character: There is no 。 in font nullfont!
Missing character: There is no 进 in font nullfont!
Missing character: There is no 一 in font nullfont!
Missing character: There is no 步 in font nullfont!
Missing character: There is no ， in font nullfont!
Missing character: There is no 通 in font nullfont!
Missing character: There is no 过 in font nullfont!
Missing character: There is no 研 in font nullfont!
Missing character: There is no 究 in font nullfont!
Missing character: There is no 震 in font nullfont!
Missing character: There is no 动 in font nullfont!
Missing character: There is no 积 in font nullfont!
Missing character: There is no 分 in font nullfont!
Missing character: There is no 的 in font nullfont!
Missing character: There is no 衰 in font nullfont!
Missing character: There is no 减 in font nullfont!
Missing character: There is no 性 in font nullfont!
Missing character: There is no 质 in font nullfont!
Missing character: There is no ， in font nullfont!
Missing character: There is no 给 in font nullfont!
Missing character: There is no 了 in font nullfont!
Missing character: There is no 当 in font nullfont!
LaTeX Font Info:    External font `cmex10' loaded for size
(Font)              <7> on input line 3.
LaTeX Font Info:    External font `cmex10' loaded for size
(Font)              <5> on input line 3.
! Undefined control sequence.
l.3 ... Green 函数。 进一步， 通过研究震动积分的衰减性质，给了当 $x\in \Ga
                                                  _0, \ y\in \R^2_+$ 时， $\N(...
The control sequence at the end of the top line
of your error message was never \def'ed. If you have
misspelled it (e.g., `\hobx'), type `I' and the correct
spelling (e.g., `I\hbox'). Otherwise just continue,
and I'll forget about whatever was undefined.

! Undefined control sequence.
l.3 ...步， 通过研究震动积分的衰减性质，给了当 $x\in \Ga_0, \ y\in \R
                                                  ^2_+$ 时， $\N(x,y)$ 和 $\T_D...
The control sequence at the end of the top line
of your error message was never \def'ed. If you have
misspelled it (e.g., `\hobx'), type `I' and the correct
spelling (e.g., `I\hbox'). Otherwise just continue,
and I'll forget about whatever was undefined.

Missing character: There is no 时 in font nullfont!
Missing character: There is no ， in font nullfont!
! Undefined control sequence.
<recently read> \N 
                   
l.3 ...衰减性质，给了当 $x\in \Ga_0, \ y\in \R^2_+$ 时， $\N
                                                  (x,y)$ 和 $\T_D(x,y)$ 随着 $x...
The control sequence at the end of the top line
of your error message was never \def'ed. If you have
misspelled it (e.g., `\hobx'), type `I' and the correct
spelling (e.g., `I\hbox'). Otherwise just continue,
and I'll forget about whatever was undefined.

Missing character: There is no 和 in font nullfont!
! Undefined control sequence.
<recently read> \T 
                   
l.3 ...in \Ga_0, \ y\in \R^2_+$ 时， $\N(x,y)$ 和 $\T
                                                  _D(x,y)$ 随着 $x_2$ 增大的衰减估计。...
The control sequence at the end of the top line
of your error message was never \def'ed. If you have
misspelled it (e.g., `\hobx'), type `I' and the correct
spelling (e.g., `I\hbox'). Otherwise just continue,
and I'll forget about whatever was undefined.

Missing character: There is no 随 in font nullfont!
Missing character: There is no 着 in font nullfont!
Missing character: There is no 增 in font nullfont!
Missing character: There is no 大 in font nullfont!
Missing character: There is no 的 in font nullfont!
Missing character: There is no 衰 in font nullfont!
Missing character: There is no 减 in font nullfont!
Missing character: There is no 估 in font nullfont!
Missing character: There is no 计 in font nullfont!
Missing character: There is no 。 in font nullfont!
Missing character: There is no 该 in font nullfont!
Missing character: There is no 估 in font nullfont!
Missing character: There is no 计 in font nullfont!
Missing character: There is no 也 in font nullfont!
Missing character: There is no 保 in font nullfont!
Missing character: There is no 证 in font nullfont!
Missing character: There is no 了 in font nullfont!
Missing character: There is no 点 in font nullfont!
Missing character: There is no 扩 in font nullfont!
Missing character: There is no 散 in font nullfont!
Missing character: There is no 函 in font nullfont!
Missing character: There is no 数 in font nullfont!
Missing character: There is no 的 in font nullfont!
Missing character: There is no 定 in font nullfont!
Missing character: There is no 义 in font nullfont!
Missing character: There is no 有 in font nullfont!
Missing character: There is no 意 in font nullfont!
Missing character: There is no 义 in font nullfont!
Missing character: There is no 。 in font nullfont!
Missing character: There is no 而 in font nullfont!
Missing character: There is no 后 in font nullfont!
Missing character: There is no ， in font nullfont!
Missing character: There is no 基 in font nullfont!
Missing character: There is no 于 in font nullfont!
Missing character: There is no 点 in font nullfont!
Missing character: There is no 扩 in font nullfont!
Missing character: There is no 散 in font nullfont!
Missing character: There is no 函 in font nullfont!
Missing character: There is no 数 in font nullfont!
Missing character: There is no 和 in font nullfont!
Missing character: There is no 弹 in font nullfont!
Missing character: There is no 性 in font nullfont!
Missing character: There is no 波 in font nullfont!
Missing character: There is no 散 in font nullfont!
Missing character: There is no 射 in font nullfont!
Missing character: There is no 系 in font nullfont!
Missing character: There is no 数 in font nullfont!
Missing character: There is no 的 in font nullfont!
Missing character: There is no K in font nullfont!
Missing character: There is no i in font nullfont!
Missing character: There is no r in font nullfont!
Missing character: There is no c in font nullfont!
Missing character: There is no h in font nullfont!
Missing character: There is no h in font nullfont!
Missing character: There is no o in font nullfont!
Missing character: There is no f in font nullfont!
Missing character: There is no f in font nullfont!
Missing character: There is no 逼 in font nullfont!
Missing character: There is no 近 in font nullfont!
Missing character: There is no ， in font nullfont!
Missing character: There is no 我 in font nullfont!
Missing character: There is no 们 in font nullfont!
Missing character: There is no 针 in font nullfont!
Missing character: There is no 对 in font nullfont!
Missing character: There is no 基 in font nullfont!
Missing character: There is no 于 in font nullfont!
Missing character: There is no 逆 in font nullfont!
Missing character: There is no 时 in font nullfont!
Missing character: There is no 偏 in font nullfont!
Missing character: There is no 移 in font nullfont!
Missing character: There is no 的 in font nullfont!
Missing character: There is no 直 in font nullfont!
Missing character: There is no 接 in font nullfont!
Missing character: There is no 成 in font nullfont!
Missing character: There is no 像 in font nullfont!
Missing character: There is no 法 in font nullfont!
Missing character: There is no 给 in font nullfont!
Missing character: There is no 出 in font nullfont!
Missing character: There is no 了 in font nullfont!
Missing character: There is no 严 in font nullfont!
Missing character: There is no 格 in font nullfont!
Missing character: There is no 的 in font nullfont!
Missing character: There is no 数 in font nullfont!
Missing character: There is no 学 in font nullfont!
Missing character: There is no 刻 in font nullfont!
Missing character: There is no 画 in font nullfont!
Missing character: There is no ： in font nullfont!
Missing character: There is no 其 in font nullfont!
Missing character: There is no 成 in font nullfont!
Missing character: There is no 像 in font nullfont!
Missing character: There is no 函 in font nullfont!
Missing character: There is no 数 in font nullfont!
Missing character: There is no 在 in font nullfont!
Missing character: There is no 远 in font nullfont!
Missing character: There is no 离 in font nullfont!
Missing character: There is no 散 in font nullfont!
Missing character: There is no 射 in font nullfont!
Missing character: There is no 体 in font nullfont!
Missing character: There is no 边 in font nullfont!
Missing character: There is no 界 in font nullfont!
Missing character: There is no 的 in font nullfont!
Missing character: There is no 时 in font nullfont!
Missing character: There is no 候 in font nullfont!
Missing character: There is no 快 in font nullfont!
Missing character: There is no 速 in font nullfont!
Missing character: There is no 衰 in font nullfont!
Missing character: There is no 减 in font nullfont!
Missing character: There is no ， in font nullfont!
Missing character: There is no 且 in font nullfont!
Missing character: There is no 只 in font nullfont!
Missing character: There is no 在 in font nullfont!
Missing character: There is no 散 in font nullfont!
Missing character: There is no 射 in font nullfont!
Missing character: There is no 体 in font nullfont!
Missing character: There is no 面 in font nullfont!
Missing character: There is no 向 in font nullfont!
Missing character: There is no 接 in font nullfont!
Missing character: There is no 受 in font nullfont!
Missing character: There is no 面 in font nullfont!
Missing character: There is no 的 in font nullfont!
Missing character: There is no 那 in font nullfont!
Missing character: There is no 部 in font nullfont!
Missing character: There is no 分 in font nullfont!
Missing character: There is no 行 in font nullfont!
Missing character: There is no 程 in font nullfont!
Missing character: There is no 较 in font nullfont!
Missing character: There is no 大 in font nullfont!
Missing character: There is no 的 in font nullfont!
Missing character: There is no 峰 in font nullfont!
Missing character: There is no 值 in font nullfont!
Missing character: There is no 。 in font nullfont!
Missing character: There is no 而 in font nullfont!
Missing character: There is no 且 in font nullfont!
Missing character: There is no ， in font nullfont!
Missing character: There is no 该 in font nullfont!
Missing character: There is no 分 in font nullfont!
Missing character: There is no 辨 in font nullfont!
Missing character: There is no 率 in font nullfont!
Missing character: There is no 分 in font nullfont!
Missing character: There is no 析 in font nullfont!
Missing character: There is no 不 in font nullfont!
Missing character: There is no 需 in font nullfont!
Missing character: There is no 要 in font nullfont!
Missing character: There is no 高 in font nullfont!
Missing character: There is no 频 in font nullfont!
Missing character: There is no 渐 in font nullfont!
Missing character: There is no 进 in font nullfont!
Missing character: There is no 假 in font nullfont!
Missing character: There is no 设 in font nullfont!
Missing character: There is no 或 in font nullfont!
Missing character: There is no 几 in font nullfont!
Missing character: There is no 何 in font nullfont!
Missing character: There is no 光 in font nullfont!
Missing character: There is no 学 in font nullfont!
Missing character: There is no 近 in font nullfont!
Missing character: There is no 似 in font nullfont!
Missing character: There is no ， in font nullfont!
Missing character: There is no 第 in font nullfont!
Missing character: There is no 一 in font nullfont!
Missing character: There is no 般 in font nullfont!
Missing character: There is no 的 in font nullfont!
Missing character: There is no 边 in font nullfont!
Missing character: There is no 界 in font nullfont!
Missing character: There is no 条 in font nullfont!
Missing character: There is no 件 in font nullfont!
Missing character: There is no 都 in font nullfont!
Missing character: There is no 成 in font nullfont!
Missing character: There is no 立 in font nullfont!
Missing character: There is no 。 in font nullfont!
Missing character: There is no 最 in font nullfont!
Missing character: There is no 后 in font nullfont!
Missing character: There is no ， in font nullfont!
Missing character: There is no 多 in font nullfont!
Missing character: There is no 种 in font nullfont!
Missing character: There is no 数 in font nullfont!
Missing character: There is no 值 in font nullfont!
Missing character: There is no 算 in font nullfont!
Missing character: There is no 例 in font nullfont!
Missing character: There is no 进 in font nullfont!
Missing character: There is no 一 in font nullfont!
Missing character: There is no 步 in font nullfont!
Missing character: There is no 说 in font nullfont!
Missing character: There is no 明 in font nullfont!
Missing character: There is no 该 in font nullfont!
Missing character: There is no 直 in font nullfont!
Missing character: There is no 接 in font nullfont!
Missing character: There is no 成 in font nullfont!
Missing character: There is no 像 in font nullfont!
Missing character: There is no 法 in font nullfont!
Missing character: There is no 的 in font nullfont!
Missing character: There is no 快 in font nullfont!
Missing character: There is no 速 in font nullfont!
Missing character: There is no 有 in font nullfont!
Missing character: There is no 效 in font nullfont!
Missing character: There is no 性 in font nullfont!
Missing character: There is no 、 in font nullfont!
Missing character: There is no 稳 in font nullfont!
Missing character: There is no 定 in font nullfont!
Missing character: There is no 性 in font nullfont!
Missing character: There is no 。 in font nullfont!

Overfull \hbox (20.0pt too wide) in paragraph at lines 3--4
[]
 []


Overfull \hbox (19.6458pt too wide) in paragraph at lines 3--4
\OML/cmm/m/it/10 x \OMS/cmsy/m/n/10 2[]
 []


Overfull \hbox (25.78932pt too wide) in paragraph at lines 3--4
\OML/cmm/m/it/10 ;  y \OMS/cmsy/m/n/10 2[]$
 []


Overfull \hbox (23.19908pt too wide) in paragraph at lines 3--4
\OT1/cmr/m/n/10 (\OML/cmm/m/it/10 x; y\OT1/cmr/m/n/10 )$
 []


Overfull \hbox (30.45285pt too wide) in paragraph at lines 3--4
[]\OT1/cmr/m/n/10 (\OML/cmm/m/it/10 x; y\OT1/cmr/m/n/10 )$
 []


Overfull \hbox (10.2014pt too wide) in paragraph at lines 3--4
\OML/cmm/m/it/10 x[]$
 []


! LaTeX Error: Missing \begin{document}.

See the LaTeX manual or LaTeX Companion for explanation.
Type  H <return>  for immediate help.
 ...                                              
                                                  
l.5 由
     于弹性波相较于声波的复杂性，我们将从如下几点来叙述有待研究的方向：
You're in trouble here.  Try typing  <return>  to proceed.
If that doesn't work, type  X <return>  to quit.

Missing character: There is no 由 in font nullfont!
Missing character: There is no 于 in font nullfont!
Missing character: There is no 弹 in font nullfont!
Missing character: There is no 性 in font nullfont!
Missing character: There is no 波 in font nullfont!
Missing character: There is no 相 in font nullfont!
Missing character: There is no 较 in font nullfont!
Missing character: There is no 于 in font nullfont!
Missing character: There is no 声 in font nullfont!
Missing character: There is no 波 in font nullfont!
Missing character: There is no 的 in font nullfont!
Missing character: There is no 复 in font nullfont!
Missing character: There is no 杂 in font nullfont!
Missing character: There is no 性 in font nullfont!
Missing character: There is no ， in font nullfont!
Missing character: There is no 我 in font nullfont!
Missing character: There is no 们 in font nullfont!
Missing character: There is no 将 in font nullfont!
Missing character: There is no 从 in font nullfont!
Missing character: There is no 如 in font nullfont!
Missing character: There is no 下 in font nullfont!
Missing character: There is no 几 in font nullfont!
Missing character: There is no 点 in font nullfont!
Missing character: There is no 来 in font nullfont!
Missing character: There is no 叙 in font nullfont!
Missing character: There is no 述 in font nullfont!
Missing character: There is no 有 in font nullfont!
Missing character: There is no 待 in font nullfont!
Missing character: There is no 研 in font nullfont!
Missing character: There is no 究 in font nullfont!
Missing character: There is no 的 in font nullfont!
Missing character: There is no 方 in font nullfont!
Missing character: There is no 向 in font nullfont!
Missing character: There is no ： in font nullfont!

Overfull \hbox (20.0pt too wide) in paragraph at lines 5--6
[] 
 []


! LaTeX Error: Missing \begin{document}.

See the LaTeX manual or LaTeX Companion for explanation.
Type  H <return>  for immediate help.
 ...                                              
                                                  
l.7 1
     . (关于 Green 函数的研究)
You're in trouble here.  Try typing  <return>  to proceed.
If that doesn't work, type  X <return>  to quit.

Missing character: There is no 1 in font nullfont!
Missing character: There is no . in font nullfont!
Missing character: There is no ( in font nullfont!
Missing character: There is no 关 in font nullfont!
Missing character: There is no 于 in font nullfont!
Missing character: There is no G in font nullfont!
Missing character: There is no r in font nullfont!
Missing character: There is no e in font nullfont!
Missing character: There is no e in font nullfont!
Missing character: There is no n in font nullfont!
Missing character: There is no 函 in font nullfont!
Missing character: There is no 数 in font nullfont!
Missing character: There is no 的 in font nullfont!
Missing character: There is no 研 in font nullfont!
Missing character: There is no 究 in font nullfont!
Missing character: There is no ) in font nullfont!

Overfull \hbox (20.0pt too wide) in paragraph at lines 7--8
[]
 []


! LaTeX Error: Missing \begin{document}.

See the LaTeX manual or LaTeX Companion for explanation.
Type  H <return>  for immediate help.
 ...                                              
                                                  
l.9 由
     于半空间的Green 函数都是以震荡积分的形式表述，当频率较大时， 我们需要快速算法来计算。 其中，可否将 Green 函数进行渐进级数展开是...

You're in trouble here.  Try typing  <return>  to proceed.
If that doesn't work, type  X <return>  to quit.

Missing character: There is no 由 in font nullfont!
Missing character: There is no 于 in font nullfont!
Missing character: There is no 半 in font nullfont!
Missing character: There is no 空 in font nullfont!
Missing character: There is no 间 in font nullfont!
Missing character: There is no 的 in font nullfont!
Missing character: There is no G in font nullfont!
Missing character: There is no r in font nullfont!
Missing character: There is no e in font nullfont!
Missing character: There is no e in font nullfont!
Missing character: There is no n in font nullfont!
Missing character: There is no 函 in font nullfont!
Missing character: There is no 数 in font nullfont!
Missing character: There is no 都 in font nullfont!
Missing character: There is no 是 in font nullfont!
Missing character: There is no 以 in font nullfont!
Missing character: There is no 震 in font nullfont!
Missing character: There is no 荡 in font nullfont!
Missing character: There is no 积 in font nullfont!
Missing character: There is no 分 in font nullfont!
Missing character: There is no 的 in font nullfont!
Missing character: There is no 形 in font nullfont!
Missing character: There is no 式 in font nullfont!
Missing character: There is no 表 in font nullfont!
Missing character: There is no 述 in font nullfont!
Missing character: There is no ， in font nullfont!
Missing character: There is no 当 in font nullfont!
Missing character: There is no 频 in font nullfont!
Missing character: There is no 率 in font nullfont!
Missing character: There is no 较 in font nullfont!
Missing character: There is no 大 in font nullfont!
Missing character: There is no 时 in font nullfont!
Missing character: There is no ， in font nullfont!
Missing character: There is no 我 in font nullfont!
Missing character: There is no 们 in font nullfont!
Missing character: There is no 需 in font nullfont!
Missing character: There is no 要 in font nullfont!
Missing character: There is no 快 in font nullfont!
Missing character: There is no 速 in font nullfont!
Missing character: There is no 算 in font nullfont!
Missing character: There is no 法 in font nullfont!
Missing character: There is no 来 in font nullfont!
Missing character: There is no 计 in font nullfont!
Missing character: There is no 算 in font nullfont!
Missing character: There is no 。 in font nullfont!
Missing character: There is no 其 in font nullfont!
Missing character: There is no 中 in font nullfont!
Missing character: There is no ， in font nullfont!
Missing character: There is no 可 in font nullfont!
Missing character: There is no 否 in font nullfont!
Missing character: There is no 将 in font nullfont!
Missing character: There is no G in font nullfont!
Missing character: There is no r in font nullfont!
Missing character: There is no e in font nullfont!
Missing character: There is no e in font nullfont!
Missing character: There is no n in font nullfont!
Missing character: There is no 函 in font nullfont!
Missing character: There is no 数 in font nullfont!
Missing character: There is no 进 in font nullfont!
Missing character: There is no 行 in font nullfont!
Missing character: There is no 渐 in font nullfont!
Missing character: There is no 进 in font nullfont!
Missing character: There is no 级 in font nullfont!
Missing character: There is no 数 in font nullfont!
Missing character: There is no 展 in font nullfont!
Missing character: There is no 开 in font nullfont!
Missing character: There is no 是 in font nullfont!
Missing character: There is no 一 in font nullfont!
Missing character: There is no 个 in font nullfont!
Missing character: There is no 有 in font nullfont!
Missing character: There is no 趣 in font nullfont!
Missing character: There is no 的 in font nullfont!
Missing character: There is no 问 in font nullfont!
Missing character: There is no 题 in font nullfont!
Missing character: There is no 。 in font nullfont!
Missing character: There is no 本 in font nullfont!
Missing character: There is no 文 in font nullfont!
Missing character: There is no 针 in font nullfont!
Missing character: There is no 对 in font nullfont!
Missing character: There is no G in font nullfont!
Missing character: There is no r in font nullfont!
Missing character: There is no e in font nullfont!
Missing character: There is no e in font nullfont!
Missing character: There is no n in font nullfont!
Missing character: There is no 函 in font nullfont!
Missing character: There is no 数 in font nullfont!
Missing character: There is no 衰 in font nullfont!
Missing character: There is no 减 in font nullfont!
Missing character: There is no 性 in font nullfont!
Missing character: There is no 的 in font nullfont!
Missing character: There is no 研 in font nullfont!
Missing character: There is no 究 in font nullfont!
Missing character: There is no 局 in font nullfont!
Missing character: There is no 限 in font nullfont!
Missing character: There is no 在 in font nullfont!
! Undefined control sequence.
<recently read> \Ga 
                    
l.9 ...行渐进级数展开是一个有趣的问题。本文针对 Green 函数衰减性的研究局限在 $\Ga
                                                  _0$ 上，将来如果可以将研究范围延拓到半空间上甚至...
The control sequence at the end of the top line
of your error message was never \def'ed. If you have
misspelled it (e.g., `\hobx'), type `I' and the correct
spelling (e.g., `I\hbox'). Otherwise just continue,
and I'll forget about whatever was undefined.

Missing character: There is no 上 in font nullfont!
Missing character: There is no ， in font nullfont!
Missing character: There is no 将 in font nullfont!
Missing character: There is no 来 in font nullfont!
Missing character: There is no 如 in font nullfont!
Missing character: There is no 果 in font nullfont!
Missing character: There is no 可 in font nullfont!
Missing character: There is no 以 in font nullfont!
Missing character: There is no 将 in font nullfont!
Missing character: There is no 研 in font nullfont!
Missing character: There is no 究 in font nullfont!
Missing character: There is no 范 in font nullfont!
Missing character: There is no 围 in font nullfont!
Missing character: There is no 延 in font nullfont!
Missing character: There is no 拓 in font nullfont!
Missing character: There is no 到 in font nullfont!
Missing character: There is no 半 in font nullfont!
Missing character: There is no 空 in font nullfont!
Missing character: There is no 间 in font nullfont!
Missing character: There is no 上 in font nullfont!
Missing character: There is no 甚 in font nullfont!
Missing character: There is no 至 in font nullfont!
Missing character: There is no 是 in font nullfont!
Missing character: There is no 复 in font nullfont!
Missing character: There is no 数 in font nullfont!
Missing character: There is no 域 in font nullfont!
Missing character: There is no 上 in font nullfont!
Missing character: There is no ， in font nullfont!
Missing character: There is no 将 in font nullfont!
Missing character: There is no 有 in font nullfont!
Missing character: There is no 利 in font nullfont!
Missing character: There is no 于 in font nullfont!
Missing character: There is no 对 in font nullfont!
Missing character: There is no 半 in font nullfont!
Missing character: There is no 空 in font nullfont!
Missing character: There is no 间 in font nullfont!
Missing character: There is no 弹 in font nullfont!
Missing character: There is no 性 in font nullfont!
Missing character: There is no 波 in font nullfont!
Missing character: There is no 散 in font nullfont!
Missing character: There is no 射 in font nullfont!
Missing character: There is no 问 in font nullfont!
Missing character: There is no 题 in font nullfont!
Missing character: There is no 的 in font nullfont!
Missing character: There is no P in font nullfont!
Missing character: There is no M in font nullfont!
Missing character: There is no L in font nullfont!
Missing character: There is no 方 in font nullfont!
Missing character: There is no 法 in font nullfont!
Missing character: There is no 的 in font nullfont!
Missing character: There is no 研 in font nullfont!
Missing character: There is no 究 in font nullfont!
Missing character: There is no 。 in font nullfont!

Overfull \hbox (20.0pt too wide) in paragraph at lines 9--10
[]
 []


Overfull \hbox (4.48613pt too wide) in paragraph at lines 9--10
[]$
 []


! LaTeX Error: Missing \begin{document}.

See the LaTeX manual or LaTeX Companion for explanation.
Type  H <return>  for immediate help.
 ...                                              
                                                  
l.11  本
       文中， 我们假设半空间背景介质是均匀各项同性的。 但是实际的地质结构是多层非均匀各向异性的。 针对这种更一般的散射问题，首先需要研究半空间...

You're in trouble here.  Try typing  <return>  to proceed.
If that doesn't work, type  X <return>  to quit.

Missing character: There is no 本 in font nullfont!
Missing character: There is no 文 in font nullfont!
Missing character: There is no 中 in font nullfont!
Missing character: There is no ， in font nullfont!
Missing character: There is no 我 in font nullfont!
Missing character: There is no 们 in font nullfont!
Missing character: There is no 假 in font nullfont!
Missing character: There is no 设 in font nullfont!
Missing character: There is no 半 in font nullfont!
Missing character: There is no 空 in font nullfont!
Missing character: There is no 间 in font nullfont!
Missing character: There is no 背 in font nullfont!
Missing character: There is no 景 in font nullfont!
Missing character: There is no 介 in font nullfont!
Missing character: There is no 质 in font nullfont!
Missing character: There is no 是 in font nullfont!
Missing character: There is no 均 in font nullfont!
Missing character: There is no 匀 in font nullfont!
Missing character: There is no 各 in font nullfont!
Missing character: There is no 项 in font nullfont!
Missing character: There is no 同 in font nullfont!
Missing character: There is no 性 in font nullfont!
Missing character: There is no 的 in font nullfont!
Missing character: There is no 。 in font nullfont!
Missing character: There is no 但 in font nullfont!
Missing character: There is no 是 in font nullfont!
Missing character: There is no 实 in font nullfont!
Missing character: There is no 际 in font nullfont!
Missing character: There is no 的 in font nullfont!
Missing character: There is no 地 in font nullfont!
Missing character: There is no 质 in font nullfont!
Missing character: There is no 结 in font nullfont!
Missing character: There is no 构 in font nullfont!
Missing character: There is no 是 in font nullfont!
Missing character: There is no 多 in font nullfont!
Missing character: There is no 层 in font nullfont!
Missing character: There is no 非 in font nullfont!
Missing character: There is no 均 in font nullfont!
Missing character: There is no 匀 in font nullfont!
Missing character: There is no 各 in font nullfont!
Missing character: There is no 向 in font nullfont!
Missing character: There is no 异 in font nullfont!
Missing character: There is no 性 in font nullfont!
Missing character: There is no 的 in font nullfont!
Missing character: There is no 。 in font nullfont!
Missing character: There is no 针 in font nullfont!
Missing character: There is no 对 in font nullfont!
Missing character: There is no 这 in font nullfont!
Missing character: There is no 种 in font nullfont!
Missing character: There is no 更 in font nullfont!
Missing character: There is no 一 in font nullfont!
Missing character: There is no 般 in font nullfont!
Missing character: There is no 的 in font nullfont!
Missing character: There is no 散 in font nullfont!
Missing character: There is no 射 in font nullfont!
Missing character: There is no 问 in font nullfont!
Missing character: There is no 题 in font nullfont!
Missing character: There is no ， in font nullfont!
Missing character: There is no 首 in font nullfont!
Missing character: There is no 先 in font nullfont!
Missing character: There is no 需 in font nullfont!
Missing character: There is no 要 in font nullfont!
Missing character: There is no 研 in font nullfont!
Missing character: There is no 究 in font nullfont!
Missing character: There is no 半 in font nullfont!
Missing character: There is no 空 in font nullfont!
Missing character: There is no 间 in font nullfont!
Missing character: There is no 弹 in font nullfont!
Missing character: There is no 性 in font nullfont!
Missing character: There is no 波 in font nullfont!
Missing character: There is no 多 in font nullfont!
Missing character: There is no 层 in font nullfont!
Missing character: There is no 介 in font nullfont!
Missing character: There is no 质 in font nullfont!
Missing character: There is no 的 in font nullfont!
Missing character: There is no G in font nullfont!
Missing character: There is no r in font nullfont!
Missing character: There is no e in font nullfont!
Missing character: There is no e in font nullfont!
Missing character: There is no n in font nullfont!
Missing character: There is no 函 in font nullfont!
Missing character: There is no 数 in font nullfont!
Missing character: There is no 的 in font nullfont!
Missing character: There is no 各 in font nullfont!
Missing character: There is no 种 in font nullfont!
Missing character: There is no 性 in font nullfont!
Missing character: There is no 质 in font nullfont!
Missing character: There is no ， in font nullfont!
Missing character: There is no 例 in font nullfont!
Missing character: There is no 如 in font nullfont!
Missing character: There is no 合 in font nullfont!
Missing character: There is no 适 in font nullfont!
Missing character: There is no 的 in font nullfont!
Missing character: There is no 表 in font nullfont!
Missing character: There is no 达 in font nullfont!
Missing character: There is no 式 in font nullfont!
Missing character: There is no 、 in font nullfont!
Missing character: There is no 表 in font nullfont!
Missing character: There is no 面 in font nullfont!
Missing character: There is no 波 in font nullfont!
Missing character: There is no 的 in font nullfont!
Missing character: There is no 波 in font nullfont!
Missing character: There is no 数 in font nullfont!
Missing character: There is no 等 in font nullfont!
Missing character: There is no 。 in font nullfont!

Overfull \hbox (20.0pt too wide) in paragraph at lines 11--12
[]
 []


! LaTeX Error: Missing \begin{document}.

See the LaTeX manual or LaTeX Companion for explanation.
Type  H <return>  for immediate help.
 ...                                              
                                                  
l.14 2
      . (关于接受数据不是全波数据的算法)
You're in trouble here.  Try typing  <return>  to proceed.
If that doesn't work, type  X <return>  to quit.

Missing character: There is no 2 in font nullfont!
Missing character: There is no . in font nullfont!
Missing character: There is no ( in font nullfont!
Missing character: There is no 关 in font nullfont!
Missing character: There is no 于 in font nullfont!
Missing character: There is no 接 in font nullfont!
Missing character: There is no 受 in font nullfont!
Missing character: There is no 数 in font nullfont!
Missing character: There is no 据 in font nullfont!
Missing character: There is no 不 in font nullfont!
Missing character: There is no 是 in font nullfont!
Missing character: There is no 全 in font nullfont!
Missing character: There is no 波 in font nullfont!
Missing character: There is no 数 in font nullfont!
Missing character: There is no 据 in font nullfont!
Missing character: There is no 的 in font nullfont!
Missing character: There is no 算 in font nullfont!
Missing character: There is no 法 in font nullfont!
Missing character: There is no ) in font nullfont!

Overfull \hbox (20.0pt too wide) in paragraph at lines 14--15
[]
 []


! LaTeX Error: Missing \begin{document}.

See the LaTeX manual or LaTeX Companion for explanation.
Type  H <return>  for immediate help.
 ...                                              
                                                  
l.16 在
      实际问题中， 数据的相位可能不好获取， 所以在文献 \cite{chen2016direct,chen2017direct,chen2017...

You're in trouble here.  Try typing  <return>  to proceed.
If that doesn't work, type  X <return>  to quit.

Missing character: There is no 在 in font nullfont!
Missing character: There is no 实 in font nullfont!
Missing character: There is no 际 in font nullfont!
Missing character: There is no 问 in font nullfont!
Missing character: There is no 题 in font nullfont!
Missing character: There is no 中 in font nullfont!
Missing character: There is no ， in font nullfont!
Missing character: There is no 数 in font nullfont!
Missing character: There is no 据 in font nullfont!
Missing character: There is no 的 in font nullfont!
Missing character: There is no 相 in font nullfont!
Missing character: There is no 位 in font nullfont!
Missing character: There is no 可 in font nullfont!
Missing character: There is no 能 in font nullfont!
Missing character: There is no 不 in font nullfont!
Missing character: There is no 好 in font nullfont!
Missing character: There is no 获 in font nullfont!
Missing character: There is no 取 in font nullfont!
Missing character: There is no ， in font nullfont!
Missing character: There is no 所 in font nullfont!
Missing character: There is no 以 in font nullfont!
Missing character: There is no 在 in font nullfont!
Missing character: There is no 文 in font nullfont!
Missing character: There is no 献 in font nullfont!
Missing character: There is no [ in font nullfont!
\citation{chen2016direct}
! Undefined control sequence.
<write> ...: Citation `\@citeb ' on page \thepage 
                                                  \space undefined\on@line .^^J
l.16 ...16direct,chen2017direct,chen2017phaseless}
                                                   中 Chen 等针对声波无相位数据，电磁波无相位数...
The control sequence at the end of the top line
of your error message was never \def'ed. If you have
misspelled it (e.g., `\hobx'), type `I' and the correct
spelling (e.g., `I\hbox'). Otherwise just continue,
and I'll forget about whatever was undefined.


LaTeX Warning: Citation `chen2016direct' on page  undefined on input line 16.

Missing character: There is no , in font nullfont!
\citation{chen2017direct}
! Undefined control sequence.
<write> ...: Citation `\@citeb ' on page \thepage 
                                                  \space undefined\on@line .^^J
l.16 ...16direct,chen2017direct,chen2017phaseless}
                                                   中 Chen 等针对声波无相位数据，电磁波无相位数...
The control sequence at the end of the top line
of your error message was never \def'ed. If you have
misspelled it (e.g., `\hobx'), type `I' and the correct
spelling (e.g., `I\hbox'). Otherwise just continue,
and I'll forget about whatever was undefined.


LaTeX Warning: Citation `chen2017direct' on page  undefined on input line 16.

Missing character: There is no , in font nullfont!
\citation{chen2017phaseless}
! Undefined control sequence.
<write> ...: Citation `\@citeb ' on page \thepage 
                                                  \space undefined\on@line .^^J
l.16 ...16direct,chen2017direct,chen2017phaseless}
                                                   中 Chen 等针对声波无相位数据，电磁波无相位数...
The control sequence at the end of the top line
of your error message was never \def'ed. If you have
misspelled it (e.g., `\hobx'), type `I' and the correct
spelling (e.g., `I\hbox'). Otherwise just continue,
and I'll forget about whatever was undefined.


LaTeX Warning: Citation `chen2017phaseless' on page  undefined on input line 16
.

Missing character: There is no ] in font nullfont!
Missing character: There is no 中 in font nullfont!
Missing character: There is no C in font nullfont!
Missing character: There is no h in font nullfont!
Missing character: There is no e in font nullfont!
Missing character: There is no n in font nullfont!
Missing character: There is no 等 in font nullfont!
Missing character: There is no 针 in font nullfont!
Missing character: There is no 对 in font nullfont!
Missing character: There is no 声 in font nullfont!
Missing character: There is no 波 in font nullfont!
Missing character: There is no 无 in font nullfont!
Missing character: There is no 相 in font nullfont!
Missing character: There is no 位 in font nullfont!
Missing character: There is no 数 in font nullfont!
Missing character: There is no 据 in font nullfont!
Missing character: There is no ， in font nullfont!
Missing character: There is no 电 in font nullfont!
Missing character: There is no 磁 in font nullfont!
Missing character: There is no 波 in font nullfont!
Missing character: There is no 无 in font nullfont!
Missing character: There is no 相 in font nullfont!
Missing character: There is no 位 in font nullfont!
Missing character: There is no 数 in font nullfont!
Missing character: There is no 据 in font nullfont!
Missing character: There is no 提 in font nullfont!
Missing character: There is no 出 in font nullfont!
Missing character: There is no 了 in font nullfont!
Missing character: There is no 基 in font nullfont!
Missing character: There is no 于 in font nullfont!
Missing character: There is no 逆 in font nullfont!
Missing character: There is no 时 in font nullfont!
Missing character: There is no 偏 in font nullfont!
Missing character: There is no 移 in font nullfont!
Missing character: There is no 的 in font nullfont!
Missing character: There is no 直 in font nullfont!
Missing character: There is no 接 in font nullfont!
Missing character: There is no 成 in font nullfont!
Missing character: There is no 像 in font nullfont!
Missing character: There is no 法 in font nullfont!
Missing character: There is no 。 in font nullfont!
Missing character: There is no 由 in font nullfont!
Missing character: There is no 于 in font nullfont!
Missing character: There is no ， in font nullfont!
Missing character: There is no 弹 in font nullfont!
Missing character: There is no 性 in font nullfont!
Missing character: There is no 波 in font nullfont!
Missing character: There is no 数 in font nullfont!
Missing character: There is no 据 in font nullfont!
Missing character: There is no 中 in font nullfont!
Missing character: There is no 横 in font nullfont!
Missing character: There is no 波 in font nullfont!
Missing character: There is no 数 in font nullfont!
Missing character: There is no 据 in font nullfont!
Missing character: There is no 和 in font nullfont!
Missing character: There is no 纵 in font nullfont!
Missing character: There is no 波 in font nullfont!
Missing character: There is no 数 in font nullfont!
Missing character: There is no 据 in font nullfont!
Missing character: There is no 耦 in font nullfont!
Missing character: There is no 合 in font nullfont!
Missing character: There is no 在 in font nullfont!
Missing character: There is no 一 in font nullfont!
Missing character: There is no 起 in font nullfont!
Missing character: There is no ， in font nullfont!
Missing character: There is no 所 in font nullfont!
Missing character: There is no 以 in font nullfont!
Missing character: There is no 当 in font nullfont!
Missing character: There is no 只 in font nullfont!
Missing character: There is no 接 in font nullfont!
Missing character: There is no 受 in font nullfont!
Missing character: There is no 当 in font nullfont!
Missing character: There is no 波 in font nullfont!
Missing character: There is no 的 in font nullfont!
Missing character: There is no 振 in font nullfont!
Missing character: There is no 幅 in font nullfont!
Missing character: There is no 数 in font nullfont!
Missing character: There is no 据 in font nullfont!
Missing character: There is no 时 in font nullfont!
Missing character: There is no ， in font nullfont!
Missing character: There is no 很 in font nullfont!
Missing character: There is no 难 in font nullfont!
Missing character: There is no 效 in font nullfont!
Missing character: There is no 仿 in font nullfont!
Missing character: There is no 上 in font nullfont!
Missing character: There is no 述 in font nullfont!
Missing character: There is no 文 in font nullfont!
Missing character: There is no 献 in font nullfont!
Missing character: There is no 的 in font nullfont!
Missing character: There is no 算 in font nullfont!
Missing character: There is no 法 in font nullfont!
Missing character: There is no 来 in font nullfont!
Missing character: There is no 构 in font nullfont!
Missing character: There is no 造 in font nullfont!
Missing character: There is no 成 in font nullfont!
Missing character: There is no 像 in font nullfont!
Missing character: There is no 函 in font nullfont!
Missing character: There is no 数 in font nullfont!
Missing character: There is no 。 in font nullfont!
Missing character: There is no 本 in font nullfont!
Missing character: There is no 文 in font nullfont!
Missing character: There is no 附 in font nullfont!
Missing character: There is no 录 in font nullfont!
Missing character: There is no 中 in font nullfont!
Missing character: There is no ， in font nullfont!
Missing character: There is no 作 in font nullfont!
Missing character: There is no 者 in font nullfont!
Missing character: There is no 将 in font nullfont!
Missing character: There is no 不 in font nullfont!
Missing character: There is no 加 in font nullfont!
Missing character: There is no 证 in font nullfont!
Missing character: There is no 明 in font nullfont!
Missing character: There is no 的 in font nullfont!
Missing character: There is no 给 in font nullfont!
Missing character: There is no 出 in font nullfont!
Missing character: There is no 全 in font nullfont!
Missing character: There is no 空 in font nullfont!
Missing character: There is no 间 in font nullfont!
Missing character: There is no 弹 in font nullfont!
Missing character: There is no 性 in font nullfont!
Missing character: There is no 波 in font nullfont!
Missing character: There is no 反 in font nullfont!
Missing character: There is no 散 in font nullfont!
Missing character: There is no 射 in font nullfont!
Missing character: There is no 问 in font nullfont!
Missing character: There is no 题 in font nullfont!
Missing character: There is no 的 in font nullfont!
Missing character: There is no 无 in font nullfont!
Missing character: There is no 相 in font nullfont!
Missing character: There is no 位 in font nullfont!
Missing character: There is no 数 in font nullfont!
Missing character: There is no 据 in font nullfont!
Missing character: There is no 的 in font nullfont!
Missing character: There is no 直 in font nullfont!
Missing character: There is no 接 in font nullfont!
Missing character: There is no 成 in font nullfont!
Missing character: There is no 像 in font nullfont!
Missing character: There is no 法 in font nullfont!
Missing character: There is no 及 in font nullfont!
Missing character: There is no 相 in font nullfont!
Missing character: There is no 关 in font nullfont!
Missing character: There is no 数 in font nullfont!
Missing character: There is no 值 in font nullfont!
Missing character: There is no 算 in font nullfont!
Missing character: There is no 法 in font nullfont!
Missing character: There is no 。 in font nullfont!

Overfull \hbox (20.0pt too wide) in paragraph at lines 16--17
[]
 []


Overfull \hbox (5.43pt too wide) in paragraph at lines 16--17
[]
 []


Overfull \hbox (5.43pt too wide) in paragraph at lines 16--17
[]
 []


Overfull \hbox (5.43pt too wide) in paragraph at lines 16--17
[]
 []


! LaTeX Error: Missing \begin{document}.

See the LaTeX manual or LaTeX Companion for explanation.
Type  H <return>  for immediate help.
 ...                                              
                                                  
l.18 进
      一步，针对真实的勘探模型， 一般 $e_2$ 方向的位移数据更容易得到， 于是如何只用接受到的数据 $u^s_q(x_r,x_s)\cdot...

You're in trouble here.  Try typing  <return>  to proceed.
If that doesn't work, type  X <return>  to quit.

Missing character: There is no 进 in font nullfont!
Missing character: There is no 一 in font nullfont!
Missing character: There is no 步 in font nullfont!
Missing character: There is no ， in font nullfont!
Missing character: There is no 针 in font nullfont!
Missing character: There is no 对 in font nullfont!
Missing character: There is no 真 in font nullfont!
Missing character: There is no 实 in font nullfont!
Missing character: There is no 的 in font nullfont!
Missing character: There is no 勘 in font nullfont!
Missing character: There is no 探 in font nullfont!
Missing character: There is no 模 in font nullfont!
Missing character: There is no 型 in font nullfont!
Missing character: There is no ， in font nullfont!
Missing character: There is no 一 in font nullfont!
Missing character: There is no 般 in font nullfont!
Missing character: There is no 方 in font nullfont!
Missing character: There is no 向 in font nullfont!
Missing character: There is no 的 in font nullfont!
Missing character: There is no 位 in font nullfont!
Missing character: There is no 移 in font nullfont!
Missing character: There is no 数 in font nullfont!
Missing character: There is no 据 in font nullfont!
Missing character: There is no 更 in font nullfont!
Missing character: There is no 容 in font nullfont!
Missing character: There is no 易 in font nullfont!
Missing character: There is no 得 in font nullfont!
Missing character: There is no 到 in font nullfont!
Missing character: There is no ， in font nullfont!
Missing character: There is no 于 in font nullfont!
Missing character: There is no 是 in font nullfont!
Missing character: There is no 如 in font nullfont!
Missing character: There is no 何 in font nullfont!
Missing character: There is no 只 in font nullfont!
Missing character: There is no 用 in font nullfont!
Missing character: There is no 接 in font nullfont!
Missing character: There is no 受 in font nullfont!
Missing character: There is no 到 in font nullfont!
Missing character: There is no 的 in font nullfont!
Missing character: There is no 数 in font nullfont!
Missing character: There is no 据 in font nullfont!
Missing character: There is no 甚 in font nullfont!
Missing character: There is no 至 in font nullfont!
Missing character: There is no 仅 in font nullfont!
Missing character: There is no 用 in font nullfont!
Missing character: There is no 去 in font nullfont!
Missing character: There is no 成 in font nullfont!
Missing character: There is no 像 in font nullfont!
Missing character: There is no 也 in font nullfont!
Missing character: There is no 是 in font nullfont!
Missing character: There is no 个 in font nullfont!
Missing character: There is no 有 in font nullfont!
Missing character: There is no 意 in font nullfont!
Missing character: There is no 义 in font nullfont!
Missing character: There is no 的 in font nullfont!
Missing character: There is no 研 in font nullfont!
Missing character: There is no 究 in font nullfont!
Missing character: There is no 问 in font nullfont!
Missing character: There is no 题 in font nullfont!
Missing character: There is no 。 in font nullfont!

Overfull \hbox (20.0pt too wide) in paragraph at lines 18--19
[]
 []


Overfull \hbox (9.1424pt too wide) in paragraph at lines 18--19
\OML/cmm/m/it/10 e[]$
 []


Overfull \hbox (45.27403pt too wide) in paragraph at lines 18--19
\OML/cmm/m/it/10 u[]\OT1/cmr/m/n/10 (\OML/cmm/m/it/10 x[]; x[]\OT1/cmr/m/n/10 )
 \OMS/cmsy/m/n/10 ^^A
 []


Overfull \hbox (28.96523pt too wide) in paragraph at lines 18--19
\OML/cmm/m/it/10 e[];  q \OT1/cmr/m/n/10 =
 []


Overfull \hbox (22.7292pt too wide) in paragraph at lines 18--19
\OML/cmm/m/it/10 e[];  e[]$
 []


Overfull \hbox (49.05464pt too wide) in paragraph at lines 18--19
\OML/cmm/m/it/10 u[]\OT1/cmr/m/n/10 (\OML/cmm/m/it/10 x[]; x[]\OT1/cmr/m/n/10 )
 \OMS/cmsy/m/n/10 ^^A
 []


Overfull \hbox (9.1424pt too wide) in paragraph at lines 18--19
\OML/cmm/m/it/10 e[]$
 []


! LaTeX Error: Missing \begin{document}.

See the LaTeX manual or LaTeX Companion for explanation.
Type  H <return>  for immediate help.
 ...                                              
                                                  
l.22 3
      . (关于分辨率分析更严谨的数学刻画)、
You're in trouble here.  Try typing  <return>  to proceed.
If that doesn't work, type  X <return>  to quit.

Missing character: There is no 3 in font nullfont!
Missing character: There is no . in font nullfont!
Missing character: There is no ( in font nullfont!
Missing character: There is no 关 in font nullfont!
Missing character: There is no 于 in font nullfont!
Missing character: There is no 分 in font nullfont!
Missing character: There is no 辨 in font nullfont!
Missing character: There is no 率 in font nullfont!
Missing character: There is no 分 in font nullfont!
Missing character: There is no 析 in font nullfont!
Missing character: There is no 更 in font nullfont!
Missing character: There is no 严 in font nullfont!
Missing character: There is no 谨 in font nullfont!
Missing character: There is no 的 in font nullfont!
Missing character: There is no 数 in font nullfont!
Missing character: There is no 学 in font nullfont!
Missing character: There is no 刻 in font nullfont!
Missing character: There is no 画 in font nullfont!
Missing character: There is no ) in font nullfont!
Missing character: There is no 、 in font nullfont!

Overfull \hbox (20.0pt too wide) in paragraph at lines 22--23
[]
 []


! LaTeX Error: Missing \begin{document}.

See the LaTeX manual or LaTeX Companion for explanation.
Type  H <return>  for immediate help.
 ...                                              
                                                  
l.24 需
      要通过对点扩散函数更为精确的分析， 得出能分辨出的最小距离 $r$, 即
You're in trouble here.  Try typing  <return>  to proceed.
If that doesn't work, type  X <return>  to quit.

Missing character: There is no 需 in font nullfont!
Missing character: There is no 要 in font nullfont!
Missing character: There is no 通 in font nullfont!
Missing character: There is no 过 in font nullfont!
Missing character: There is no 对 in font nullfont!
Missing character: There is no 点 in font nullfont!
Missing character: There is no 扩 in font nullfont!
Missing character: There is no 散 in font nullfont!
Missing character: There is no 函 in font nullfont!
Missing character: There is no 数 in font nullfont!
Missing character: There is no 更 in font nullfont!
Missing character: There is no 为 in font nullfont!
Missing character: There is no 精 in font nullfont!
Missing character: There is no 确 in font nullfont!
Missing character: There is no 的 in font nullfont!
Missing character: There is no 分 in font nullfont!
Missing character: There is no 析 in font nullfont!
Missing character: There is no ， in font nullfont!
Missing character: There is no 得 in font nullfont!
Missing character: There is no 出 in font nullfont!
Missing character: There is no 能 in font nullfont!
Missing character: There is no 分 in font nullfont!
Missing character: There is no 辨 in font nullfont!
Missing character: There is no 出 in font nullfont!
Missing character: There is no 的 in font nullfont!
Missing character: There is no 最 in font nullfont!
Missing character: There is no 小 in font nullfont!
Missing character: There is no 距 in font nullfont!
Missing character: There is no 离 in font nullfont!
Missing character: There is no , in font nullfont!
Missing character: There is no 即 in font nullfont!
! Undefined control sequence.
l.25 \ben
         
The control sequence at the end of the top line
of your error message was never \def'ed. If you have
misspelled it (e.g., `\hobx'), type `I' and the correct
spelling (e.g., `I\hbox'). Otherwise just continue,
and I'll forget about whatever was undefined.

Missing character: There is no r in font nullfont!
Missing character: There is no = in font nullfont!
! Missing $ inserted.
<inserted text> 
                $
l.26 r=\inf
           _{t} \{t=\|z-y\| : |[\J(z,y)]_{ii}|=\frac{1}{2}|[\J(z,z)]_{ii}| ,...
I've inserted a begin-math/end-math symbol since I think
you left one out. Proceed, with fingers crossed.

! Undefined control sequence.
l.26 r=\inf_{t} \{t=\|z-y\| : |[\J
                                  (z,y)]_{ii}|=\frac{1}{2}|[\J(z,z)]_{ii}| ,...
The control sequence at the end of the top line
of your error message was never \def'ed. If you have
misspelled it (e.g., `\hobx'), type `I' and the correct
spelling (e.g., `I\hbox'). Otherwise just continue,
and I'll forget about whatever was undefined.

! Undefined control sequence.
l.26 ...\|z-y\| : |[\J(z,y)]_{ii}|=\frac{1}{2}|[\J
                                                  (z,z)]_{ii}| ,\ i=1,2\}
The control sequence at the end of the top line
of your error message was never \def'ed. If you have
misspelled it (e.g., `\hobx'), type `I' and the correct
spelling (e.g., `I\hbox'). Otherwise just continue,
and I'll forget about whatever was undefined.

! Undefined control sequence.
l.27 \een
         
The control sequence at the end of the top line
of your error message was never \def'ed. If you have
misspelled it (e.g., `\hobx'), type `I' and the correct
spelling (e.g., `I\hbox'). Otherwise just continue,
and I'll forget about whatever was undefined.

)
! Emergency stop.
<*> Chap_summary.tex
                    
*** (job aborted, no legal \end found)

 
Here is how much of TeX's memory you used:
 14 strings out of 492970
 265 string characters out of 6133939
 65642 words of memory out of 5000000
 4118 multiletter control sequences out of 15000+600000
 3656 words of font info for 16 fonts, out of 8000000 for 9000
 1348 hyphenation exceptions out of 8191
 19i,2n,26p,470b,97s stack positions out of 5000i,500n,10000p,200000b,80000s
No pages of output.
