This is XeTeX, Version 3.14159265-2.6-0.99999 (TeX Live 2018) (preloaded format=xelatex 2019.1.8)  17 APR 2019 23:10
entering extended mode
 restricted \write18 enabled.
 %&-line parsing enabled.
**Chap_Elastic.tex
(./Chap_Elastic.tex
LaTeX2e <2018-04-01> patch level 2
Babel <3.18> and hyphenation patterns for 84 language(s) loaded.
! Undefined control sequence.
l.1 \chapter
            {半空间弹性波散射问题}\label{chap:Elastic}
The control sequence at the end of the top line
of your error message was never \def'ed. If you have
misspelled it (e.g., `\hobx'), type `I' and the correct
spelling (e.g., `I\hbox'). Otherwise just continue,
and I'll forget about whatever was undefined.


! LaTeX Error: Missing \begin{document}.

See the LaTeX manual or LaTeX Companion for explanation.
Type  H <return>  for immediate help.
 ...                                              
                                                  
l.1 \chapter{半
              空间弹性波散射问题}\label{chap:Elastic}
You're in trouble here.  Try typing  <return>  to proceed.
If that doesn't work, type  X <return>  to quit.

Missing character: There is no 半 in font nullfont!
Missing character: There is no 空 in font nullfont!
Missing character: There is no 间 in font nullfont!
Missing character: There is no 弹 in font nullfont!
Missing character: There is no 性 in font nullfont!
Missing character: There is no 波 in font nullfont!
Missing character: There is no 散 in font nullfont!
Missing character: There is no 射 in font nullfont!
Missing character: There is no 问 in font nullfont!
Missing character: There is no 题 in font nullfont!
Missing character: There is no 正 in font nullfont!
Missing character: There is no 散 in font nullfont!
Missing character: There is no 射 in font nullfont!
Missing character: There is no 问 in font nullfont!
Missing character: There is no 题 in font nullfont!
Missing character: There is no 的 in font nullfont!
Missing character: There is no 研 in font nullfont!
Missing character: There is no 究 in font nullfont!
Missing character: There is no 一 in font nullfont!
Missing character: There is no 般 in font nullfont!
Missing character: There is no 包 in font nullfont!
Missing character: There is no 括 in font nullfont!
Missing character: There is no G in font nullfont!
Missing character: There is no r in font nullfont!
Missing character: There is no e in font nullfont!
Missing character: There is no e in font nullfont!
Missing character: There is no n in font nullfont!
Missing character: There is no 函 in font nullfont!
Missing character: There is no 数 in font nullfont!
Missing character: There is no 的 in font nullfont!
Missing character: There is no 推 in font nullfont!
Missing character: There is no 导 in font nullfont!
Missing character: There is no 及 in font nullfont!
Missing character: There is no 其 in font nullfont!
Missing character: There is no 性 in font nullfont!
Missing character: There is no 质 in font nullfont!
Missing character: There is no 研 in font nullfont!
Missing character: There is no 究 in font nullfont!
Missing character: There is no 和 in font nullfont!
Missing character: There is no 散 in font nullfont!
Missing character: There is no 射 in font nullfont!
Missing character: There is no 解 in font nullfont!
Missing character: There is no 的 in font nullfont!
Missing character: There is no 适 in font nullfont!
Missing character: There is no 定 in font nullfont!
Missing character: There is no 性 in font nullfont!
Missing character: There is no . in font nullfont!
Missing character: There is no 一 in font nullfont!
Missing character: There is no 般 in font nullfont!
Missing character: There is no G in font nullfont!
Missing character: There is no r in font nullfont!
Missing character: There is no e in font nullfont!
Missing character: There is no e in font nullfont!
Missing character: There is no n in font nullfont!
Missing character: There is no 函 in font nullfont!
Missing character: There is no 数 in font nullfont!
Missing character: There is no 的 in font nullfont!
Missing character: There is no 推 in font nullfont!
Missing character: There is no 导 in font nullfont!
Missing character: There is no 都 in font nullfont!
Missing character: There is no 是 in font nullfont!
Missing character: There is no 通 in font nullfont!
Missing character: There is no 过 in font nullfont!
Missing character: There is no 对 in font nullfont!
Missing character: There is no 偏 in font nullfont!
Missing character: There is no 微 in font nullfont!
Missing character: There is no 分 in font nullfont!
Missing character: There is no 方 in font nullfont!
Missing character: There is no 程 in font nullfont!
Missing character: There is no 其 in font nullfont!
Missing character: There is no 中 in font nullfont!
Missing character: There is no 一 in font nullfont!
Missing character: There is no 个 in font nullfont!
Missing character: There is no 变 in font nullfont!
Missing character: There is no 量 in font nullfont!
Missing character: There is no 作 in font nullfont!
Missing character: There is no F in font nullfont!
Missing character: There is no o in font nullfont!
Missing character: There is no u in font nullfont!
Missing character: There is no r in font nullfont!
Missing character: There is no i in font nullfont!
Missing character: There is no e in font nullfont!
Missing character: There is no r in font nullfont!
Missing character: There is no 变 in font nullfont!
Missing character: There is no 换 in font nullfont!
Missing character: There is no 后 in font nullfont!
Missing character: There is no ， in font nullfont!
Missing character: There is no 得 in font nullfont!
Missing character: There is no 到 in font nullfont!
Missing character: There is no 常 in font nullfont!
Missing character: There is no 微 in font nullfont!
Missing character: There is no 分 in font nullfont!
Missing character: There is no 方 in font nullfont!
Missing character: There is no 程 in font nullfont!
Missing character: There is no 组 in font nullfont!
Missing character: There is no ， in font nullfont!
Missing character: There is no 然 in font nullfont!
Missing character: There is no 后 in font nullfont!
Missing character: There is no 结 in font nullfont!
Missing character: There is no 合 in font nullfont!
Missing character: There is no 基 in font nullfont!
Missing character: There is no 本 in font nullfont!
Missing character: There is no 解 in font nullfont!
Missing character: There is no 得 in font nullfont!
Missing character: There is no 出 in font nullfont!
Missing character: There is no . in font nullfont!
Missing character: There is no 特 in font nullfont!
Missing character: There is no 别 in font nullfont!
Missing character: There is no 地 in font nullfont!
Missing character: There is no ， in font nullfont!
Missing character: There is no 二 in font nullfont!
Missing character: There is no 维 in font nullfont!
Missing character: There is no 弹 in font nullfont!
Missing character: There is no 性 in font nullfont!
Missing character: There is no 波 in font nullfont!
Missing character: There is no 方 in font nullfont!
Missing character: There is no 程 in font nullfont!
Missing character: There is no 的 in font nullfont!
Missing character: There is no 基 in font nullfont!
Missing character: There is no 本 in font nullfont!
Missing character: There is no 解 in font nullfont!
LaTeX Font Info:    External font `cmex10' loaded for size
(Font)              <7> on input line 2.
LaTeX Font Info:    External font `cmex10' loaded for size
(Font)              <5> on input line 2.
! Undefined control sequence.
<recently read> \G 
                   
l.2 ...，得到常微分方程组， 然后结合基本解得出.  特别地， 二维弹性波方程的基本解 $\G
                                                  (x,y)$ \cite{ku63} 为：
The control sequence at the end of the top line
of your error message was never \def'ed. If you have
misspelled it (e.g., `\hobx'), type `I' and the correct
spelling (e.g., `I\hbox'). Otherwise just continue,
and I'll forget about whatever was undefined.

Missing character: There is no [ in font nullfont!
\citation{ku63}
! Undefined control sequence.
<write> ...: Citation `\@citeb ' on page \thepage 
                                                  \space undefined\on@line .^^J
l.2 ...得出.  特别地， 二维弹性波方程的基本解 $\G(x,y)$ \cite{ku63}
                                                   为：
The control sequence at the end of the top line
of your error message was never \def'ed. If you have
misspelled it (e.g., `\hobx'), type `I' and the correct
spelling (e.g., `I\hbox'). Otherwise just continue,
and I'll forget about whatever was undefined.


LaTeX Warning: Citation `ku63' on page  undefined on input line 2.

Missing character: There is no ] in font nullfont!
Missing character: There is no 为 in font nullfont!
Missing character: There is no ： in font nullfont!
! Undefined control sequence.
l.3 \be
       \label{Green}
The control sequence at the end of the top line
of your error message was never \def'ed. If you have
misspelled it (e.g., `\hobx'), type `I' and the correct
spelling (e.g., `I\hbox'). Otherwise just continue,
and I'll forget about whatever was undefined.

! Undefined control sequence.
l.4 \G
      (x,y)&=&\left(\frac{1}{\mu}g_{k_s}(x,y)  \I+\frac{1}{\om^2}\nabla\nabl...
The control sequence at the end of the top line
of your error message was never \def'ed. If you have
misspelled it (e.g., `\hobx'), type `I' and the correct
spelling (e.g., `I\hbox'). Otherwise just continue,
and I'll forget about whatever was undefined.

Missing character: There is no ( in font nullfont!
Missing character: There is no x in font nullfont!
Missing character: There is no , in font nullfont!
Missing character: There is no y in font nullfont!
Missing character: There is no ) in font nullfont!
! Misplaced alignment tab character &.
l.4 \G(x,y)&
            =&\left(\frac{1}{\mu}g_{k_s}(x,y)  \I+\frac{1}{\om^2}\nabla\nabl...
I can't figure out why you would want to use a tab mark
here. If you just want an ampersand, the remedy is
simple: Just type `I\&' now. But if some right brace
up above has ended a previous alignment prematurely,
you're probably due for more error messages, and you
might try typing `S' now just to see what is salvageable.

Missing character: There is no = in font nullfont!
! Misplaced alignment tab character &.
l.4 \G(x,y)&=&
              \left(\frac{1}{\mu}g_{k_s}(x,y)  \I+\frac{1}{\om^2}\nabla\nabl...
I can't figure out why you would want to use a tab mark
here. If you just want an ampersand, the remedy is
simple: Just type `I\&' now. But if some right brace
up above has ended a previous alignment prematurely,
you're probably due for more error messages, and you
might try typing `S' now just to see what is salvageable.

! Missing $ inserted.
<inserted text> 
                $
l.4 \G(x,y)&=&\left
                   (\frac{1}{\mu}g_{k_s}(x,y)  \I+\frac{1}{\om^2}\nabla\nabl...
I've inserted a begin-math/end-math symbol since I think
you left one out. Proceed, with fingers crossed.

! Undefined control sequence.
l.4 \G(x,y)&=&\left(\frac{1}{\mu}g_{k_s}(x,y)  \I
                                                 +\frac{1}{\om^2}\nabla\nabl...
The control sequence at the end of the top line
of your error message was never \def'ed. If you have
misspelled it (e.g., `\hobx'), type `I' and the correct
spelling (e.g., `I\hbox'). Otherwise just continue,
and I'll forget about whatever was undefined.

! Undefined control sequence.
<argument> \om 
               ^2
l.4 ...rac{1}{\mu}g_{k_s}(x,y)  \I+\frac{1}{\om^2}
                                                  \nabla\nabla g_{k_s}(x,y)\...
The control sequence at the end of the top line
of your error message was never \def'ed. If you have
misspelled it (e.g., `\hobx'), type `I' and the correct
spelling (e.g., `I\hbox'). Otherwise just continue,
and I'll forget about whatever was undefined.

! Undefined control sequence.
<argument> \om 
               ^2
l.4 ...a\nabla g_{k_s}(x,y)\right)-\frac{1}{\om^2}
                                                  \nabla\nabla g_{k_p}(x,y)\\
The control sequence at the end of the top line
of your error message was never \def'ed. If you have
misspelled it (e.g., `\hobx'), type `I' and the correct
spelling (e.g., `I\hbox'). Otherwise just continue,
and I'll forget about whatever was undefined.

! Misplaced alignment tab character &.
<recently read> &
                 
l.5 &
     :=&\G_s(x,y)+\G_p(x,y),
I can't figure out why you would want to use a tab mark
here. If you just want an ampersand, the remedy is
simple: Just type `I\&' now. But if some right brace
up above has ended a previous alignment prematurely,
you're probably due for more error messages, and you
might try typing `S' now just to see what is salvageable.

! Misplaced alignment tab character &.
l.5 &:=&
        \G_s(x,y)+\G_p(x,y),
I can't figure out why you would want to use a tab mark
here. If you just want an ampersand, the remedy is
simple: Just type `I\&' now. But if some right brace
up above has ended a previous alignment prematurely,
you're probably due for more error messages, and you
might try typing `S' now just to see what is salvageable.

! Undefined control sequence.
l.5 &:=&\G
          _s(x,y)+\G_p(x,y),
The control sequence at the end of the top line
of your error message was never \def'ed. If you have
misspelled it (e.g., `\hobx'), type `I' and the correct
spelling (e.g., `I\hbox'). Otherwise just continue,
and I'll forget about whatever was undefined.

! Undefined control sequence.
l.5 &:=&\G_s(x,y)+\G
                    _p(x,y),
The control sequence at the end of the top line
of your error message was never \def'ed. If you have
misspelled it (e.g., `\hobx'), type `I' and the correct
spelling (e.g., `I\hbox'). Otherwise just continue,
and I'll forget about whatever was undefined.

! Undefined control sequence.
l.6 \ee
       
The control sequence at the end of the top line
of your error message was never \def'ed. If you have
misspelled it (e.g., `\hobx'), type `I' and the correct
spelling (e.g., `I\hbox'). Otherwise just continue,
and I'll forget about whatever was undefined.

! Undefined control sequence.
l.8 \ben
        
The control sequence at the end of the top line
of your error message was never \def'ed. If you have
misspelled it (e.g., `\hobx'), type `I' and the correct
spelling (e.g., `I\hbox'). Otherwise just continue,
and I'll forget about whatever was undefined.


LaTeX Warning: Command \i invalid in math mode on input line 9.

LaTeX Font Info:    Try loading font information for OT1+lmr on input line 9.
(/usr/local/texlive/2018/texmf-dist/tex/latex/lm/ot1lmr.fd
File: ot1lmr.fd 2009/10/30 v1.6 Font defs for Latin Modern
)

LaTeX Warning: Command \i invalid in math mode on input line 9.

! Undefined control sequence.
l.10 \een
         
The control sequence at the end of the top line
of your error message was never \def'ed. If you have
misspelled it (e.g., `\hobx'), type `I' and the correct
spelling (e.g., `I\hbox'). Otherwise just continue,
and I'll forget about whatever was undefined.

Missing character: There is no 这 in font cmr10!
Missing character: There is no 里 in font cmr10!
Missing character: There is no 是 in font cmr10!
Missing character: There is no 波 in font cmr10!
Missing character: There is no 数 in font cmr10!
Missing character: There is no 为 in font cmr10!
Missing character: There is no k in font nullfont!
\citation{colton-kress}
! Undefined control sequence.
<write> ...: Citation `\@citeb ' on page \thepage 
                                                  \space undefined\on@line .^^J
l.11 ...$k$ 的 Helmholtz 方程的基本解 \cite{colton-kress}
                                                  ， 且 $\mathit{H}_0^{(1)}(t)...
The control sequence at the end of the top line
of your error message was never \def'ed. If you have
misspelled it (e.g., `\hobx'), type `I' and the correct
spelling (e.g., `I\hbox'). Otherwise just continue,
and I'll forget about whatever was undefined.


LaTeX Warning: Citation `colton-kress' on page  undefined on input line 11.

Missing character: There is no 的 in font cmr10!
Missing character: There is no 方 in font cmr10!
Missing character: There is no 程 in font cmr10!
Missing character: There is no 的 in font cmr10!
Missing character: There is no 基 in font cmr10!
Missing character: There is no 本 in font cmr10!
Missing character: There is no 解 in font cmr10!
Missing character: There is no ， in font cmr10!
Missing character: There is no 且 in font cmr10!

! LaTeX Error: \mathit allowed only in math mode.

See the LaTeX manual or LaTeX Companion for explanation.
Type  H <return>  for immediate help.
 ...                                              
                                                  
l.11 ... 方程的基本解 \cite{colton-kress}， 且 $\mathit{H}
                                                  _0^{(1)}(t)$ 是零阶第一类 Hankel...

You're in trouble here.  Try typing  <return>  to proceed.
If that doesn't work, type  X <return>  to quit.

Missing character: There is no H in font nullfont!
! Missing $ inserted.
<inserted text> 
                $
l.11 ...方程的基本解 \cite{colton-kress}， 且 $\mathit{H}_
                                                  0^{(1)}(t)$ 是零阶第一类 Hankel ...
I've inserted a begin-math/end-math symbol since I think
you left one out. Proceed, with fingers crossed.

Missing character: There is no 是 in font nullfont!
Missing character: There is no 零 in font nullfont!
Missing character: There is no 阶 in font nullfont!
Missing character: There is no 第 in font nullfont!
Missing character: There is no 一 in font nullfont!
Missing character: There is no 类 in font nullfont!
Missing character: There is no H in font nullfont!
Missing character: There is no a in font nullfont!
Missing character: There is no n in font nullfont!
Missing character: There is no k in font nullfont!
Missing character: There is no e in font nullfont!
Missing character: There is no l in font nullfont!
Missing character: There is no 函 in font nullfont!
Missing character: There is no 数 in font nullfont!
Missing character: There is no [ in font nullfont!
\citation{watson1995treatise}
! Undefined control sequence.
<write> ...: Citation `\@citeb ' on page \thepage 
                                                  \space undefined\on@line .^^J
l.11 ...是零阶第一类 Hankel 函数 \cite{watson1995treatise}
                                                  .  关于散射问题的适定性研究， 一般都是通过研究 ...
The control sequence at the end of the top line
of your error message was never \def'ed. If you have
misspelled it (e.g., `\hobx'), type `I' and the correct
spelling (e.g., `I\hbox'). Otherwise just continue,
and I'll forget about whatever was undefined.


LaTeX Warning: Citation `watson1995treatise' on page  undefined on input line 1
1.

Missing character: There is no ] in font nullfont!
Missing character: There is no . in font nullfont!
Missing character: There is no 关 in font nullfont!
Missing character: There is no 于 in font nullfont!
Missing character: There is no 散 in font nullfont!
Missing character: There is no 射 in font nullfont!
Missing character: There is no 问 in font nullfont!
Missing character: There is no 题 in font nullfont!
Missing character: There is no 的 in font nullfont!
Missing character: There is no 适 in font nullfont!
Missing character: There is no 定 in font nullfont!
Missing character: There is no 性 in font nullfont!
Missing character: There is no 研 in font nullfont!
Missing character: There is no 究 in font nullfont!
Missing character: There is no ， in font nullfont!
Missing character: There is no 一 in font nullfont!
Missing character: There is no 般 in font nullfont!
Missing character: There is no 都 in font nullfont!
Missing character: There is no 是 in font nullfont!
Missing character: There is no 通 in font nullfont!
Missing character: There is no 过 in font nullfont!
Missing character: There is no 研 in font nullfont!
Missing character: There is no 究 in font nullfont!
Missing character: There is no G in font nullfont!
Missing character: There is no r in font nullfont!
Missing character: There is no e in font nullfont!
Missing character: There is no e in font nullfont!
Missing character: There is no n in font nullfont!
Missing character: There is no 函 in font nullfont!
Missing character: There is no 数 in font nullfont!
Missing character: There is no 在 in font nullfont!
Missing character: There is no 无 in font nullfont!
Missing character: There is no 穷 in font nullfont!
Missing character: There is no 远 in font nullfont!
Missing character: There is no 处 in font nullfont!
Missing character: There is no 的 in font nullfont!
Missing character: There is no 渐 in font nullfont!
Missing character: There is no 近 in font nullfont!
Missing character: There is no 性 in font nullfont!
Missing character: There is no 质 in font nullfont!
Missing character: There is no ， in font nullfont!
Missing character: There is no 然 in font nullfont!
Missing character: There is no 后 in font nullfont!
Missing character: There is no 据 in font nullfont!
Missing character: There is no 此 in font nullfont!
Missing character: There is no 推 in font nullfont!
Missing character: There is no 出 in font nullfont!
Missing character: There is no 辐 in font nullfont!
Missing character: There is no 射 in font nullfont!
Missing character: There is no 条 in font nullfont!
Missing character: There is no 件 in font nullfont!
Missing character: There is no 来 in font nullfont!
Missing character: There is no 保 in font nullfont!
Missing character: There is no 证 in font nullfont!
Missing character: There is no 方 in font nullfont!
Missing character: There is no 程 in font nullfont!
Missing character: There is no 的 in font nullfont!
Missing character: There is no 唯 in font nullfont!
Missing character: There is no 一 in font nullfont!
Missing character: There is no 性 in font nullfont!
Missing character: There is no . in font nullfont!
Missing character: There is no 而 in font nullfont!
Missing character: There is no 存 in font nullfont!
Missing character: There is no 在 in font nullfont!
Missing character: There is no 性 in font nullfont!
Missing character: There is no 和 in font nullfont!
Missing character: There is no 稳 in font nullfont!
Missing character: There is no 定 in font nullfont!
Missing character: There is no 性 in font nullfont!
Missing character: There is no 一 in font nullfont!
Missing character: There is no 般 in font nullfont!
Missing character: There is no 是 in font nullfont!
Missing character: There is no 用 in font nullfont!
Missing character: There is no 变 in font nullfont!
Missing character: There is no 分 in font nullfont!
Missing character: There is no 方 in font nullfont!
Missing character: There is no 法 in font nullfont!
Missing character: There is no 或 in font nullfont!
Missing character: There is no 是 in font nullfont!
Missing character: There is no 边 in font nullfont!
Missing character: There is no 界 in font nullfont!
Missing character: There is no 积 in font nullfont!
Missing character: There is no 分 in font nullfont!
Missing character: There is no 法 in font nullfont!
Missing character: There is no ， in font nullfont!
Missing character: There is no 然 in font nullfont!
Missing character: There is no 后 in font nullfont!
Missing character: There is no 通 in font nullfont!
Missing character: There is no 过 in font nullfont!
Missing character: There is no 经 in font nullfont!
Missing character: There is no 典 in font nullfont!
Missing character: There is no 的 in font nullfont!
Missing character: There is no R in font nullfont!
Missing character: There is no i in font nullfont!
Missing character: There is no e in font nullfont!
Missing character: There is no s in font nullfont!
Missing character: There is no z in font nullfont!
Missing character: There is no – in font nullfont!
Missing character: There is no F in font nullfont!
Missing character: There is no r in font nullfont!
Missing character: There is no e in font nullfont!
Missing character: There is no d in font nullfont!
Missing character: There is no h in font nullfont!
Missing character: There is no o in font nullfont!
Missing character: There is no l in font nullfont!
Missing character: There is no m in font nullfont!
Missing character: There is no 理 in font nullfont!
Missing character: There is no 论 in font nullfont!
Missing character: There is no [ in font nullfont!
\citation{colton2013integral}
! Undefined control sequence.
<write> ...: Citation `\@citeb ' on page \thepage 
                                                  \space undefined\on@line .^^J
l.11 ... \cite{colton2013integral,kress1989linear}
                                                   结合唯一性得到.  然而由于横波和纵波在半空间表面...
The control sequence at the end of the top line
of your error message was never \def'ed. If you have
misspelled it (e.g., `\hobx'), type `I' and the correct
spelling (e.g., `I\hbox'). Otherwise just continue,
and I'll forget about whatever was undefined.


LaTeX Warning: Citation `colton2013integral' on page  undefined on input line 1
1.

Missing character: There is no , in font nullfont!
\citation{kress1989linear}
! Undefined control sequence.
<write> ...: Citation `\@citeb ' on page \thepage 
                                                  \space undefined\on@line .^^J
l.11 ... \cite{colton2013integral,kress1989linear}
                                                   结合唯一性得到.  然而由于横波和纵波在半空间表面...
The control sequence at the end of the top line
of your error message was never \def'ed. If you have
misspelled it (e.g., `\hobx'), type `I' and the correct
spelling (e.g., `I\hbox'). Otherwise just continue,
and I'll forget about whatever was undefined.


LaTeX Warning: Citation `kress1989linear' on page  undefined on input line 11.

Missing character: There is no ] in font nullfont!
Missing character: There is no 结 in font nullfont!
Missing character: There is no 合 in font nullfont!
Missing character: There is no 唯 in font nullfont!
Missing character: There is no 一 in font nullfont!
Missing character: There is no 性 in font nullfont!
Missing character: There is no 得 in font nullfont!
Missing character: There is no 到 in font nullfont!
Missing character: There is no . in font nullfont!
Missing character: There is no 然 in font nullfont!
Missing character: There is no 而 in font nullfont!
Missing character: There is no 由 in font nullfont!
Missing character: There is no 于 in font nullfont!
Missing character: There is no 横 in font nullfont!
Missing character: There is no 波 in font nullfont!
Missing character: There is no 和 in font nullfont!
Missing character: There is no 纵 in font nullfont!
Missing character: There is no 波 in font nullfont!
Missing character: There is no 在 in font nullfont!
Missing character: There is no 半 in font nullfont!
Missing character: There is no 空 in font nullfont!
Missing character: There is no 间 in font nullfont!
Missing character: There is no 表 in font nullfont!
Missing character: There is no 面 in font nullfont!
Missing character: There is no 初 in font nullfont!
Missing character: There is no 的 in font nullfont!
Missing character: There is no 耦 in font nullfont!
Missing character: There is no 合 in font nullfont!
Missing character: There is no 以 in font nullfont!
Missing character: There is no 及 in font nullfont!
Missing character: There is no 表 in font nullfont!
Missing character: There is no 面 in font nullfont!
Missing character: There is no 波 in font nullfont!
Missing character: There is no 的 in font nullfont!
Missing character: There is no 存 in font nullfont!
Missing character: There is no 在 in font nullfont!
Missing character: There is no ， in font nullfont!
Missing character: There is no 很 in font nullfont!
Missing character: There is no 难 in font nullfont!
Missing character: There is no 得 in font nullfont!
Missing character: There is no 出 in font nullfont!
Missing character: There is no 一 in font nullfont!
Missing character: There is no 个 in font nullfont!
Missing character: There is no 既 in font nullfont!
Missing character: There is no 保 in font nullfont!
Missing character: There is no 证 in font nullfont!
Missing character: There is no 唯 in font nullfont!
Missing character: There is no 一 in font nullfont!
Missing character: There is no 性 in font nullfont!
Missing character: There is no 又 in font nullfont!
Missing character: There is no 保 in font nullfont!
Missing character: There is no 证 in font nullfont!
Missing character: There is no 存 in font nullfont!
Missing character: There is no 在 in font nullfont!
Missing character: There is no 性 in font nullfont!
Missing character: There is no 的 in font nullfont!
Missing character: There is no 辐 in font nullfont!
Missing character: There is no 射 in font nullfont!
Missing character: There is no 条 in font nullfont!
Missing character: There is no 件 in font nullfont!
Missing character: There is no . in font nullfont!
Missing character: There is no 因 in font nullfont!
Missing character: There is no 此 in font nullfont!
Missing character: There is no ， in font nullfont!
Missing character: There is no 本 in font nullfont!
Missing character: There is no 文 in font nullfont!
Missing character: There is no 中 in font nullfont!
Missing character: There is no 我 in font nullfont!
Missing character: There is no 们 in font nullfont!
Missing character: There is no 不 in font nullfont!
Missing character: There is no 再 in font nullfont!
Missing character: There is no 依 in font nullfont!
Missing character: There is no 赖 in font nullfont!
Missing character: There is no 辐 in font nullfont!
Missing character: There is no 射 in font nullfont!
Missing character: There is no 条 in font nullfont!
Missing character: There is no 件 in font nullfont!
Missing character: There is no ， in font nullfont!
Missing character: There is no 而 in font nullfont!
Missing character: There is no 是 in font nullfont!
Missing character: There is no 利 in font nullfont!
Missing character: There is no 用 in font nullfont!
Missing character: There is no 极 in font nullfont!
Missing character: There is no 限 in font nullfont!
Missing character: There is no 吸 in font nullfont!
Missing character: There is no 收 in font nullfont!
Missing character: There is no 原 in font nullfont!
Missing character: There is no 理 in font nullfont!
Missing character: There is no [ in font nullfont!
\citation{agmon1975spectral}
! Undefined control sequence.
<write> ...: Citation `\@citeb ' on page \thepage 
                                                  \space undefined\on@line .^^J
l.11 ...利用极限吸收原理 \cite{agmon1975spectral,Yves1988}
                                                   来得出方程的适定性. 在本章最后， 我们还将展示，...
The control sequence at the end of the top line
of your error message was never \def'ed. If you have
misspelled it (e.g., `\hobx'), type `I' and the correct
spelling (e.g., `I\hbox'). Otherwise just continue,
and I'll forget about whatever was undefined.


LaTeX Warning: Citation `agmon1975spectral' on page  undefined on input line 11
.

Missing character: There is no , in font nullfont!
\citation{Yves1988}
! Undefined control sequence.
<write> ...: Citation `\@citeb ' on page \thepage 
                                                  \space undefined\on@line .^^J
l.11 ...利用极限吸收原理 \cite{agmon1975spectral,Yves1988}
                                                   来得出方程的适定性. 在本章最后， 我们还将展示，...
The control sequence at the end of the top line
of your error message was never \def'ed. If you have
misspelled it (e.g., `\hobx'), type `I' and the correct
spelling (e.g., `I\hbox'). Otherwise just continue,
and I'll forget about whatever was undefined.


LaTeX Warning: Citation `Yves1988' on page  undefined on input line 11.

Missing character: There is no ] in font nullfont!
Missing character: There is no 来 in font nullfont!
Missing character: There is no 得 in font nullfont!
Missing character: There is no 出 in font nullfont!
Missing character: There is no 方 in font nullfont!
Missing character: There is no 程 in font nullfont!
Missing character: There is no 的 in font nullfont!
Missing character: There is no 适 in font nullfont!
Missing character: There is no 定 in font nullfont!
Missing character: There is no 性 in font nullfont!
Missing character: There is no . in font nullfont!
Missing character: There is no 在 in font nullfont!
Missing character: There is no 本 in font nullfont!
Missing character: There is no 章 in font nullfont!
Missing character: There is no 最 in font nullfont!
Missing character: There is no 后 in font nullfont!
Missing character: There is no ， in font nullfont!
Missing character: There is no 我 in font nullfont!
Missing character: There is no 们 in font nullfont!
Missing character: There is no 还 in font nullfont!
Missing character: There is no 将 in font nullfont!
Missing character: There is no 展 in font nullfont!
Missing character: There is no 示 in font nullfont!
Missing character: There is no ， in font nullfont!
Missing character: There is no 当 in font nullfont!
Missing character: There is no 障 in font nullfont!
Missing character: There is no 碍 in font nullfont!
Missing character: There is no 物 in font nullfont!
Missing character: There is no 远 in font nullfont!
Missing character: There is no 离 in font nullfont!
Missing character: There is no 半 in font nullfont!
Missing character: There is no 空 in font nullfont!
Missing character: There is no 间 in font nullfont!
Missing character: There is no 表 in font nullfont!
Missing character: There is no 面 in font nullfont!
Missing character: There is no 时 in font nullfont!
Missing character: There is no ， in font nullfont!
Missing character: There is no 其 in font nullfont!
Missing character: There is no 相 in font nullfont!
Missing character: There is no 应 in font nullfont!
Missing character: There is no 的 in font nullfont!
Missing character: There is no 散 in font nullfont!
Missing character: There is no 射 in font nullfont!
Missing character: There is no 解 in font nullfont!
Missing character: There is no 和 in font nullfont!
Missing character: There is no 在 in font nullfont!
Missing character: There is no 全 in font nullfont!
Missing character: There is no 空 in font nullfont!
Missing character: There is no 间 in font nullfont!
Missing character: There is no 情 in font nullfont!
Missing character: There is no 形 in font nullfont!
Missing character: There is no 下 in font nullfont!
Missing character: There is no 的 in font nullfont!
Missing character: There is no 散 in font nullfont!
Missing character: There is no 射 in font nullfont!
Missing character: There is no 解 in font nullfont!
Missing character: There is no 之 in font nullfont!
Missing character: There is no 间 in font nullfont!
Missing character: There is no 的 in font nullfont!
Missing character: There is no 关 in font nullfont!
Missing character: There is no 系 in font nullfont!
Missing character: There is no . in font nullfont!
! Undefined control sequence.
l.12 \section
             {半空间弹性波 Green 函数}\label{Green Tensor}
The control sequence at the end of the top line
of your error message was never \def'ed. If you have
misspelled it (e.g., `\hobx'), type `I' and the correct
spelling (e.g., `I\hbox'). Otherwise just continue,
and I'll forget about whatever was undefined.

Missing character: There is no 半 in font nullfont!
Missing character: There is no 空 in font nullfont!
Missing character: There is no 间 in font nullfont!
Missing character: There is no 弹 in font nullfont!
Missing character: There is no 性 in font nullfont!
Missing character: There is no 波 in font nullfont!
Missing character: There is no G in font nullfont!
Missing character: There is no r in font nullfont!
Missing character: There is no e in font nullfont!
Missing character: There is no e in font nullfont!
Missing character: There is no n in font nullfont!
Missing character: There is no 函 in font nullfont!
Missing character: There is no 数 in font nullfont!
Missing character: There is no 由 in font nullfont!
Missing character: There is no 于 in font nullfont!
Missing character: There is no 本 in font nullfont!
Missing character: There is no 文 in font nullfont!
Missing character: There is no 研 in font nullfont!
Missing character: There is no 究 in font nullfont!
Missing character: There is no 的 in font nullfont!
Missing character: There is no 正 in font nullfont!
Missing character: There is no 散 in font nullfont!
Missing character: There is no 射 in font nullfont!
Missing character: There is no 问 in font nullfont!
Missing character: There is no 题 in font nullfont!
Missing character: There is no 中 in font nullfont!
Missing character: There is no ， in font nullfont!
Missing character: There is no 弹 in font nullfont!
Missing character: There is no 性 in font nullfont!
Missing character: There is no 波 in font nullfont!
Missing character: There is no 需 in font nullfont!
Missing character: There is no 要 in font nullfont!
Missing character: There is no 在 in font nullfont!
Missing character: There is no 半 in font nullfont!
Missing character: There is no 空 in font nullfont!
Missing character: There is no 间 in font nullfont!
Missing character: There is no 表 in font nullfont!
Missing character: There is no 面 in font nullfont!
! Undefined control sequence.
<recently read> \Ga 
                    
l.13 由于本文研究的正散射问题中， 弹性波需要在半空间表面 $\Ga
                                    _0$ 上满足 Neumann 边界条件 (\ref{eq2}), 所以我们先来...
The control sequence at the end of the top line
of your error message was never \def'ed. If you have
misspelled it (e.g., `\hobx'), type `I' and the correct
spelling (e.g., `I\hbox'). Otherwise just continue,
and I'll forget about whatever was undefined.

Missing character: There is no 上 in font nullfont!
Missing character: There is no 满 in font nullfont!
Missing character: There is no 足 in font nullfont!
Missing character: There is no N in font nullfont!
Missing character: There is no e in font nullfont!
Missing character: There is no u in font nullfont!
Missing character: There is no m in font nullfont!
Missing character: There is no a in font nullfont!
Missing character: There is no n in font nullfont!
Missing character: There is no n in font nullfont!
Missing character: There is no 边 in font nullfont!
Missing character: There is no 界 in font nullfont!
Missing character: There is no 条 in font nullfont!
Missing character: There is no 件 in font nullfont!
Missing character: There is no ( in font nullfont!
! Undefined control sequence.
<write> ...ning: Reference `eq2' on page \thepage 
                                                  \space undefined\on@line .^^J
l.13 ...在半空间表面 $\Ga_0$ 上满足 Neumann 边界条件 (\ref{eq2}
                                                  ), 所以我们先来研究满足 Neumann 边界条件...
The control sequence at the end of the top line
of your error message was never \def'ed. If you have
misspelled it (e.g., `\hobx'), type `I' and the correct
spelling (e.g., `I\hbox'). Otherwise just continue,
and I'll forget about whatever was undefined.


LaTeX Warning: Reference `eq2' on page  undefined on input line 13.

Missing character: There is no ) in font nullfont!
Missing character: There is no , in font nullfont!
Missing character: There is no 所 in font nullfont!
Missing character: There is no 以 in font nullfont!
Missing character: There is no 我 in font nullfont!
Missing character: There is no 们 in font nullfont!
Missing character: There is no 先 in font nullfont!
Missing character: There is no 来 in font nullfont!
Missing character: There is no 研 in font nullfont!
Missing character: There is no 究 in font nullfont!
Missing character: There is no 满 in font nullfont!
Missing character: There is no 足 in font nullfont!
Missing character: There is no N in font nullfont!
Missing character: There is no e in font nullfont!
Missing character: There is no u in font nullfont!
Missing character: There is no m in font nullfont!
Missing character: There is no a in font nullfont!
Missing character: There is no n in font nullfont!
Missing character: There is no n in font nullfont!
Missing character: There is no 边 in font nullfont!
Missing character: There is no 界 in font nullfont!
Missing character: There is no 条 in font nullfont!
Missing character: There is no 件 in font nullfont!
Missing character: There is no 的 in font nullfont!
Missing character: There is no 半 in font nullfont!
Missing character: There is no 空 in font nullfont!
Missing character: There is no 间 in font nullfont!
Missing character: There is no G in font nullfont!
Missing character: There is no r in font nullfont!
Missing character: There is no e in font nullfont!
Missing character: There is no e in font nullfont!
Missing character: There is no n in font nullfont!
Missing character: There is no 函 in font nullfont!
Missing character: There is no 数 in font nullfont!
Missing character: There is no . in font nullfont!
Missing character: There is no 之 in font nullfont!
Missing character: There is no 后 in font nullfont!
Missing character: There is no ， in font nullfont!
Missing character: There is no 由 in font nullfont!
Missing character: There is no 于 in font nullfont!
Missing character: There is no 逆 in font nullfont!
Missing character: There is no 时 in font nullfont!
Missing character: There is no 偏 in font nullfont!
Missing character: There is no 移 in font nullfont!
Missing character: There is no 算 in font nullfont!
Missing character: There is no 法 in font nullfont!
Missing character: There is no 中 in font nullfont!
Missing character: There is no 需 in font nullfont!
Missing character: There is no 要 in font nullfont!
Missing character: There is no 计 in font nullfont!
Missing character: There is no 算 in font nullfont!
Missing character: There is no 反 in font nullfont!
Missing character: There is no 传 in font nullfont!
Missing character: There is no 波 in font nullfont!
Missing character: There is no ， in font nullfont!
Missing character: There is no 因 in font nullfont!
Missing character: There is no 此 in font nullfont!
Missing character: There is no 我 in font nullfont!
Missing character: There is no 们 in font nullfont!
Missing character: There is no 还 in font nullfont!
Missing character: There is no 需 in font nullfont!
Missing character: There is no 要 in font nullfont!
Missing character: There is no 推 in font nullfont!
Missing character: There is no 导 in font nullfont!
Missing character: There is no 满 in font nullfont!
Missing character: There is no 足 in font nullfont!
Missing character: There is no D in font nullfont!
Missing character: There is no i in font nullfont!
Missing character: There is no r in font nullfont!
Missing character: There is no i in font nullfont!
Missing character: There is no c in font nullfont!
Missing character: There is no h in font nullfont!
Missing character: There is no l in font nullfont!
Missing character: There is no e in font nullfont!
Missing character: There is no t in font nullfont!
Missing character: There is no 边 in font nullfont!
Missing character: There is no 界 in font nullfont!
Missing character: There is no 条 in font nullfont!
Missing character: There is no 件 in font nullfont!
Missing character: There is no 的 in font nullfont!
Missing character: There is no 半 in font nullfont!
Missing character: There is no 空 in font nullfont!
Missing character: There is no 间 in font nullfont!
Missing character: There is no G in font nullfont!
Missing character: There is no r in font nullfont!
Missing character: There is no e in font nullfont!
Missing character: There is no e in font nullfont!
Missing character: There is no n in font nullfont!
Missing character: There is no 函 in font nullfont!
Missing character: There is no 数 in font nullfont!
Missing character: There is no 及 in font nullfont!
Missing character: There is no 其 in font nullfont!
Missing character: There is no 方 in font nullfont!
Missing character: There is no 向 in font nullfont!
Missing character: There is no 的 in font nullfont!
Missing character: There is no 应 in font nullfont!
Missing character: There is no 力 in font nullfont!
Missing character: There is no 张 in font nullfont!
Missing character: There is no 量 in font nullfont!
Missing character: There is no . in font nullfont!
! Undefined control sequence.
l.14 \subsection
                {Neumann Green 函数}\label{Neumann Green Tensor}
The control sequence at the end of the top line
of your error message was never \def'ed. If you have
misspelled it (e.g., `\hobx'), type `I' and the correct
spelling (e.g., `I\hbox'). Otherwise just continue,
and I'll forget about whatever was undefined.

Missing character: There is no N in font nullfont!
Missing character: There is no e in font nullfont!
Missing character: There is no u in font nullfont!
Missing character: There is no m in font nullfont!
Missing character: There is no a in font nullfont!
Missing character: There is no n in font nullfont!
Missing character: There is no n in font nullfont!
Missing character: There is no G in font nullfont!
Missing character: There is no r in font nullfont!
Missing character: There is no e in font nullfont!
Missing character: There is no e in font nullfont!
Missing character: There is no n in font nullfont!
Missing character: There is no 函 in font nullfont!
Missing character: There is no 数 in font nullfont!
Missing character: There is no 设 in font nullfont!
Missing character: There is no 源 in font nullfont!
Missing character: There is no 点 in font nullfont!
! Undefined control sequence.
l.15 设源点$y\in\R
               ^2_+$, 引入半空间弹性波Neumann零边界格林函数$\N(x,y)$， 对任意向量$q\in\R^2$， 其满足如...
The control sequence at the end of the top line
of your error message was never \def'ed. If you have
misspelled it (e.g., `\hobx'), type `I' and the correct
spelling (e.g., `I\hbox'). Otherwise just continue,
and I'll forget about whatever was undefined.

Missing character: There is no , in font nullfont!
Missing character: There is no 引 in font nullfont!
Missing character: There is no 入 in font nullfont!
Missing character: There is no 半 in font nullfont!
Missing character: There is no 空 in font nullfont!
Missing character: There is no 间 in font nullfont!
Missing character: There is no 弹 in font nullfont!
Missing character: There is no 性 in font nullfont!
Missing character: There is no 波 in font nullfont!
Missing character: There is no N in font nullfont!
Missing character: There is no e in font nullfont!
Missing character: There is no u in font nullfont!
Missing character: There is no m in font nullfont!
Missing character: There is no a in font nullfont!
Missing character: There is no n in font nullfont!
Missing character: There is no n in font nullfont!
Missing character: There is no 零 in font nullfont!
Missing character: There is no 边 in font nullfont!
Missing character: There is no 界 in font nullfont!
Missing character: There is no 格 in font nullfont!
Missing character: There is no 林 in font nullfont!
Missing character: There is no 函 in font nullfont!
Missing character: There is no 数 in font nullfont!
! Undefined control sequence.
<recently read> \N 
                   
l.15 设源点$y\in\R^2_+$, 引入半空间弹性波Neumann零边界格林函数$\N
                                               (x,y)$， 对任意向量$q\in\R^2$， 其满足如...
The control sequence at the end of the top line
of your error message was never \def'ed. If you have
misspelled it (e.g., `\hobx'), type `I' and the correct
spelling (e.g., `I\hbox'). Otherwise just continue,
and I'll forget about whatever was undefined.

Missing character: There is no ， in font nullfont!
Missing character: There is no 对 in font nullfont!
Missing character: There is no 任 in font nullfont!
Missing character: There is no 意 in font nullfont!
Missing character: There is no 向 in font nullfont!
Missing character: There is no 量 in font nullfont!
! Undefined control sequence.
l.15 ...空间弹性波Neumann零边界格林函数$\N(x,y)$， 对任意向量$q\in\R
                                                  ^2$， 其满足如下方程:
The control sequence at the end of the top line
of your error message was never \def'ed. If you have
misspelled it (e.g., `\hobx'), type `I' and the correct
spelling (e.g., `I\hbox'). Otherwise just continue,
and I'll forget about whatever was undefined.

Missing character: There is no ， in font nullfont!
Missing character: There is no 其 in font nullfont!
Missing character: There is no 满 in font nullfont!
Missing character: There is no 足 in font nullfont!
Missing character: There is no 如 in font nullfont!
Missing character: There is no 下 in font nullfont!
Missing character: There is no 方 in font nullfont!
Missing character: There is no 程 in font nullfont!
Missing character: There is no : in font nullfont!
! Undefined control sequence.
l.16 \be
        
The control sequence at the end of the top line
of your error message was never \def'ed. If you have
misspelled it (e.g., `\hobx'), type `I' and the correct
spelling (e.g., `I\hbox'). Otherwise just continue,
and I'll forget about whatever was undefined.

! Misplaced alignment tab character &.
l.17 &
       & \Delta_e [\N(x;y)q] + \omega^2 [\N(x,y)q] = -\mathbf{\delta}_y(x) q...
I can't figure out why you would want to use a tab mark
here. If you just want an ampersand, the remedy is
simple: Just type `I\&' now. But if some right brace
up above has ended a previous alignment prematurely,
you're probably due for more error messages, and you
might try typing `S' now just to see what is salvageable.

! Misplaced alignment tab character &.
l.17 & &
         \Delta_e [\N(x;y)q] + \omega^2 [\N(x,y)q] = -\mathbf{\delta}_y(x) q...
I can't figure out why you would want to use a tab mark
here. If you just want an ampersand, the remedy is
simple: Just type `I\&' now. But if some right brace
up above has ended a previous alignment prematurely,
you're probably due for more error messages, and you
might try typing `S' now just to see what is salvageable.

! Missing $ inserted.
<inserted text> 
                $
l.17 & & \Delta
               _e [\N(x;y)q] + \omega^2 [\N(x,y)q] = -\mathbf{\delta}_y(x) q...
I've inserted a begin-math/end-math symbol since I think
you left one out. Proceed, with fingers crossed.

! Undefined control sequence.
l.17 & & \Delta_e [\N
                     (x;y)q] + \omega^2 [\N(x,y)q] = -\mathbf{\delta}_y(x) q...
The control sequence at the end of the top line
of your error message was never \def'ed. If you have
misspelled it (e.g., `\hobx'), type `I' and the correct
spelling (e.g., `I\hbox'). Otherwise just continue,
and I'll forget about whatever was undefined.

! Undefined control sequence.
l.17 & & \Delta_e [\N(x;y)q] + \omega^2 [\N
                                           (x,y)q] = -\mathbf{\delta}_y(x) q...
The control sequence at the end of the top line
of your error message was never \def'ed. If you have
misspelled it (e.g., `\hobx'), type `I' and the correct
spelling (e.g., `I\hbox'). Otherwise just continue,
and I'll forget about whatever was undefined.

Missing character: There is no i in font nullfont!
Missing character: There is no n in font nullfont!
! Undefined control sequence.
l.17 ...= -\mathbf{\delta}_y(x) q \ \ \mbox{in }\R
                                                  ^2_+ , \label{eq_n1} \\
The control sequence at the end of the top line
of your error message was never \def'ed. If you have
misspelled it (e.g., `\hobx'), type `I' and the correct
spelling (e.g., `I\hbox'). Otherwise just continue,
and I'll forget about whatever was undefined.

! Misplaced alignment tab character &.
<recently read> &
                 
l.18 &
       & \sigma(\N(x,y)q)e_2 = 0 \ \ \mbox{on } \Gamma_0, \label{eq_n2}
I can't figure out why you would want to use a tab mark
here. If you just want an ampersand, the remedy is
simple: Just type `I\&' now. But if some right brace
up above has ended a previous alignment prematurely,
you're probably due for more error messages, and you
might try typing `S' now just to see what is salvageable.

! Misplaced alignment tab character &.
l.18 & &
         \sigma(\N(x,y)q)e_2 = 0 \ \ \mbox{on } \Gamma_0, \label{eq_n2}
I can't figure out why you would want to use a tab mark
here. If you just want an ampersand, the remedy is
simple: Just type `I\&' now. But if some right brace
up above has ended a previous alignment prematurely,
you're probably due for more error messages, and you
might try typing `S' now just to see what is salvageable.

! Undefined control sequence.
l.18 & & \sigma(\N
                  (x,y)q)e_2 = 0 \ \ \mbox{on } \Gamma_0, \label{eq_n2}
The control sequence at the end of the top line
of your error message was never \def'ed. If you have
misspelled it (e.g., `\hobx'), type `I' and the correct
spelling (e.g., `I\hbox'). Otherwise just continue,
and I'll forget about whatever was undefined.

Missing character: There is no o in font nullfont!
Missing character: There is no n in font nullfont!
! Undefined control sequence.
l.19 \ee
        
The control sequence at the end of the top line
of your error message was never \def'ed. If you have
misspelled it (e.g., `\hobx'), type `I' and the correct
spelling (e.g., `I\hbox'). Otherwise just continue,
and I'll forget about whatever was undefined.

! Undefined control sequence.
<write> ...ng: Reference `eq_n2' on page \thepage 
                                                  \space undefined\on@line .^^J
l.20 其中(\ref{eq_n2}
                   )代表该 Green函数满足半空间自由边界条件，${\delta}_y(x)$代表位于点y的Dirac源.  由于...
The control sequence at the end of the top line
of your error message was never \def'ed. If you have
misspelled it (e.g., `\hobx'), type `I' and the correct
spelling (e.g., `I\hbox'). Otherwise just continue,
and I'll forget about whatever was undefined.


LaTeX Warning: Reference `eq_n2' on page  undefined on input line 20.

Missing character: There is no 其 in font cmr10!
Missing character: There is no 中 in font cmr10!
Missing character: There is no 代 in font cmr10!
Missing character: There is no 表 in font cmr10!
Missing character: There is no 该 in font cmr10!
Missing character: There is no 函 in font cmr10!
Missing character: There is no 数 in font cmr10!
Missing character: There is no 满 in font cmr10!
Missing character: There is no 足 in font cmr10!
Missing character: There is no 半 in font cmr10!
Missing character: There is no 空 in font cmr10!
Missing character: There is no 间 in font cmr10!
Missing character: There is no 自 in font cmr10!
Missing character: There is no 由 in font cmr10!
Missing character: There is no 边 in font cmr10!
Missing character: There is no 界 in font cmr10!
Missing character: There is no 条 in font cmr10!
Missing character: There is no 件 in font cmr10!
Missing character: There is no ， in font cmr10!
! Missing $ inserted.
<inserted text> 
                $
l.20 ...ref{eq_n2})代表该 Green函数满足半空间自由边界条件，${\delta
                                                  }_y(x)$代表位于点y的Dirac源.  由于半...
I've inserted a begin-math/end-math symbol since I think
you left one out. Proceed, with fingers crossed.

! Extra }, or forgotten $.
l.20 ...ef{eq_n2})代表该 Green函数满足半空间自由边界条件，${\delta}
                                                  _y(x)$代表位于点y的Dirac源.  由于半空...
I've deleted a group-closing symbol because it seems to be
spurious, as in `$x}$'. But perhaps the } is legitimate and
you forgot something else, as in `\hbox{$x}'. In such cases
the way to recover is to insert both the forgotten and the
deleted material, e.g., by typing `I$}'.

Missing character: There is no 代 in font nullfont!
Missing character: There is no 表 in font nullfont!
Missing character: There is no 位 in font nullfont!
Missing character: There is no 于 in font nullfont!
Missing character: There is no 点 in font nullfont!
Missing character: There is no y in font nullfont!
Missing character: There is no 的 in font nullfont!
Missing character: There is no D in font nullfont!
Missing character: There is no i in font nullfont!
Missing character: There is no r in font nullfont!
Missing character: There is no a in font nullfont!
Missing character: There is no c in font nullfont!
Missing character: There is no 源 in font nullfont!
Missing character: There is no . in font nullfont!
Missing character: There is no 由 in font nullfont!
Missing character: There is no 于 in font nullfont!
Missing character: There is no 半 in font nullfont!
Missing character: There is no 空 in font nullfont!
Missing character: There is no 间 in font nullfont!
Missing character: There is no 的 in font nullfont!
Missing character: There is no 特 in font nullfont!
Missing character: There is no 性 in font nullfont!
Missing character: There is no ， in font nullfont!
Missing character: There is no 我 in font nullfont!
Missing character: There is no 们 in font nullfont!
Missing character: There is no 将 in font nullfont!
Missing character: There is no 利 in font nullfont!
Missing character: There is no 用 in font nullfont!
Missing character: There is no 对 in font nullfont!
Missing character: There is no 变 in font nullfont!
Missing character: There is no 量 in font nullfont!
Missing character: There is no 作 in font nullfont!
Missing character: There is no F in font nullfont!
Missing character: There is no o in font nullfont!
Missing character: There is no u in font nullfont!
Missing character: There is no r in font nullfont!
Missing character: There is no i in font nullfont!
Missing character: There is no e in font nullfont!
Missing character: There is no r in font nullfont!
Missing character: There is no 变 in font nullfont!
Missing character: There is no 换 in font nullfont!
Missing character: There is no 的 in font nullfont!
Missing character: There is no 方 in font nullfont!
Missing character: There is no 式 in font nullfont!
Missing character: There is no 来 in font nullfont!
Missing character: There is no 推 in font nullfont!
Missing character: There is no 导 in font nullfont!
Missing character: There is no G in font nullfont!
Missing character: There is no r in font nullfont!
Missing character: There is no e in font nullfont!
Missing character: There is no e in font nullfont!
Missing character: There is no n in font nullfont!
Missing character: There is no 函 in font nullfont!
Missing character: There is no 数 in font nullfont!
Missing character: There is no ， in font nullfont!
Missing character: There is no 令 in font nullfont!
! Undefined control sequence.
l.21 \be
        \label{a1}
The control sequence at the end of the top line
of your error message was never \def'ed. If you have
misspelled it (e.g., `\hobx'), type `I' and the correct
spelling (e.g., `I\hbox'). Otherwise just continue,
and I'll forget about whatever was undefined.

! Missing $ inserted.
<inserted text> 
                $
l.22 \hat
          \N(\xi,x_2;y_2)= \int_\R\N(x_1,x_2;y) e^{-\i (x_1-y_1)\xi} dx_1,\ ...
I've inserted a begin-math/end-math symbol since I think
you left one out. Proceed, with fingers crossed.

! Undefined control sequence.
l.22 \hat \N
            (\xi,x_2;y_2)= \int_\R\N(x_1,x_2;y) e^{-\i (x_1-y_1)\xi} dx_1,\ ...
The control sequence at the end of the top line
of your error message was never \def'ed. If you have
misspelled it (e.g., `\hobx'), type `I' and the correct
spelling (e.g., `I\hbox'). Otherwise just continue,
and I'll forget about whatever was undefined.

! Undefined control sequence.
l.22 \hat \N(\xi,x_2;y_2)= \int_\R
                                  \N(x_1,x_2;y) e^{-\i (x_1-y_1)\xi} dx_1,\ ...
The control sequence at the end of the top line
of your error message was never \def'ed. If you have
misspelled it (e.g., `\hobx'), type `I' and the correct
spelling (e.g., `I\hbox'). Otherwise just continue,
and I'll forget about whatever was undefined.

! Undefined control sequence.
l.22 \hat \N(\xi,x_2;y_2)= \int_\R\N
                                    (x_1,x_2;y) e^{-\i (x_1-y_1)\xi} dx_1,\ ...
The control sequence at the end of the top line
of your error message was never \def'ed. If you have
misspelled it (e.g., `\hobx'), type `I' and the correct
spelling (e.g., `I\hbox'). Otherwise just continue,
and I'll forget about whatever was undefined.


LaTeX Warning: Command \i invalid in math mode on input line 22.


LaTeX Warning: Command \i invalid in math mode on input line 22.

! Undefined control sequence.
l.22 ...\i (x_1-y_1)\xi} dx_1,\ \ \forall \xi\in\C
                                                  ,
The control sequence at the end of the top line
of your error message was never \def'ed. If you have
misspelled it (e.g., `\hobx'), type `I' and the correct
spelling (e.g., `I\hbox'). Otherwise just continue,
and I'll forget about whatever was undefined.

! Undefined control sequence.
l.23 \ee
        
The control sequence at the end of the top line
of your error message was never \def'ed. If you have
misspelled it (e.g., `\hobx'), type `I' and the correct
spelling (e.g., `I\hbox'). Otherwise just continue,
and I'll forget about whatever was undefined.

Missing character: There is no 于 in font cmr10!
Missing character: There is no 是 in font cmr10!
Missing character: There is no ， in font cmr10!
Missing character: There is no 通 in font cmr10!
Missing character: There is no 过 in font cmr10!
Missing character: There is no 简 in font cmr10!
Missing character: There is no 单 in font cmr10!
Missing character: There is no 的 in font cmr10!
Missing character: There is no 推 in font cmr10!
Missing character: There is no 导 in font cmr10!
Missing character: There is no 计 in font cmr10!
Missing character: There is no 算 in font cmr10!
Missing character: There is no ， in font cmr10!
Missing character: There is no 对 in font cmr10!
Missing character: There is no 基 in font cmr10!
Missing character: There is no 本 in font cmr10!
Missing character: There is no 解 in font cmr10!
! Undefined control sequence.
l.24 于是， 通过简单的推导计算， 对基本解 $\G
                            (x,y)$ 的 $x_1$变量做Fourier变换后有
The control sequence at the end of the top line
of your error message was never \def'ed. If you have
misspelled it (e.g., `\hobx'), type `I' and the correct
spelling (e.g., `I\hbox'). Otherwise just continue,
and I'll forget about whatever was undefined.

Missing character: There is no ( in font nullfont!
Missing character: There is no x in font nullfont!
Missing character: There is no , in font nullfont!
Missing character: There is no y in font nullfont!
Missing character: There is no ) in font nullfont!
Missing character: There is no 的 in font cmr10!
Missing character: There is no x in font nullfont!
! Missing $ inserted.
<inserted text> 
                $
l.24 于是， 通过简单的推导计算， 对基本解 $\G(x,y)$ 的 $x_
                                        1$变量做Fourier变换后有
I've inserted a begin-math/end-math symbol since I think
you left one out. Proceed, with fingers crossed.

Missing character: There is no 变 in font nullfont!
Missing character: There is no 量 in font nullfont!
Missing character: There is no 做 in font nullfont!
Missing character: There is no F in font nullfont!
Missing character: There is no o in font nullfont!
Missing character: There is no u in font nullfont!
Missing character: There is no r in font nullfont!
Missing character: There is no i in font nullfont!
Missing character: There is no e in font nullfont!
Missing character: There is no r in font nullfont!
Missing character: There is no 变 in font nullfont!
Missing character: There is no 换 in font nullfont!
Missing character: There is no 后 in font nullfont!
Missing character: There is no 有 in font nullfont!
! Undefined control sequence.
l.25 $\hat{\G
             }(\xi,x_2;y_2)=\hat{\G}_s(\xi,x_2;y_2)+\hat{\G}_p(\xi,x_2;y_2)$及
The control sequence at the end of the top line
of your error message was never \def'ed. If you have
misspelled it (e.g., `\hobx'), type `I' and the correct
spelling (e.g., `I\hbox'). Otherwise just continue,
and I'll forget about whatever was undefined.

! Undefined control sequence.
l.25 $\hat{\G}(\xi,x_2;y_2)=\hat{\G
                                   }_s(\xi,x_2;y_2)+\hat{\G}_p(\xi,x_2;y_2)$及
The control sequence at the end of the top line
of your error message was never \def'ed. If you have
misspelled it (e.g., `\hobx'), type `I' and the correct
spelling (e.g., `I\hbox'). Otherwise just continue,
and I'll forget about whatever was undefined.

! Undefined control sequence.
l.25 ...i,x_2;y_2)=\hat{\G}_s(\xi,x_2;y_2)+\hat{\G
                                                  }_p(\xi,x_2;y_2)$及
The control sequence at the end of the top line
of your error message was never \def'ed. If you have
misspelled it (e.g., `\hobx'), type `I' and the correct
spelling (e.g., `I\hbox'). Otherwise just continue,
and I'll forget about whatever was undefined.

Missing character: There is no 及 in font nullfont!
! Undefined control sequence.
l.26 \be
        
The control sequence at the end of the top line
of your error message was never \def'ed. If you have
misspelled it (e.g., `\hobx'), type `I' and the correct
spelling (e.g., `I\hbox'). Otherwise just continue,
and I'll forget about whatever was undefined.

! Misplaced alignment tab character &.
l.27 &
       &\hat{\G}_s(\xi,x_2;y_2)=\frac{\i}{2\omega^2}
I can't figure out why you would want to use a tab mark
here. If you just want an ampersand, the remedy is
simple: Just type `I\&' now. But if some right brace
up above has ended a previous alignment prematurely,
you're probably due for more error messages, and you
might try typing `S' now just to see what is salvageable.

! Misplaced alignment tab character &.
l.27 & &
        \hat{\G}_s(\xi,x_2;y_2)=\frac{\i}{2\omega^2}
I can't figure out why you would want to use a tab mark
here. If you just want an ampersand, the remedy is
simple: Just type `I\&' now. But if some right brace
up above has ended a previous alignment prematurely,
you're probably due for more error messages, and you
might try typing `S' now just to see what is salvageable.

! Missing $ inserted.
<inserted text> 
                $
l.27 & &\hat
            {\G}_s(\xi,x_2;y_2)=\frac{\i}{2\omega^2}
I've inserted a begin-math/end-math symbol since I think
you left one out. Proceed, with fingers crossed.

! Undefined control sequence.
l.27 & &\hat{\G
               }_s(\xi,x_2;y_2)=\frac{\i}{2\omega^2}
The control sequence at the end of the top line
of your error message was never \def'ed. If you have
misspelled it (e.g., `\hobx'), type `I' and the correct
spelling (e.g., `I\hbox'). Otherwise just continue,
and I'll forget about whatever was undefined.


LaTeX Warning: Command \i invalid in math mode on input line 27.


LaTeX Warning: Command \i invalid in math mode on input line 27.


LaTeX Warning: Command \i invalid in math mode on input line 31.


LaTeX Warning: Command \i invalid in math mode on input line 31.

! Misplaced alignment tab character &.
<recently read> &
                 
l.32 &
       &\hat{\G}_p(\xi,x_2;y_2)=\frac{\i}{2\omega^2}
I can't figure out why you would want to use a tab mark
here. If you just want an ampersand, the remedy is
simple: Just type `I\&' now. But if some right brace
up above has ended a previous alignment prematurely,
you're probably due for more error messages, and you
might try typing `S' now just to see what is salvageable.

! Misplaced alignment tab character &.
l.32 & &
        \hat{\G}_p(\xi,x_2;y_2)=\frac{\i}{2\omega^2}
I can't figure out why you would want to use a tab mark
here. If you just want an ampersand, the remedy is
simple: Just type `I\&' now. But if some right brace
up above has ended a previous alignment prematurely,
you're probably due for more error messages, and you
might try typing `S' now just to see what is salvageable.

! Undefined control sequence.
l.32 & &\hat{\G
               }_p(\xi,x_2;y_2)=\frac{\i}{2\omega^2}
The control sequence at the end of the top line
of your error message was never \def'ed. If you have
misspelled it (e.g., `\hobx'), type `I' and the correct
spelling (e.g., `I\hbox'). Otherwise just continue,
and I'll forget about whatever was undefined.


LaTeX Warning: Command \i invalid in math mode on input line 32.


LaTeX Warning: Command \i invalid in math mode on input line 32.


LaTeX Warning: Command \i invalid in math mode on input line 36.


LaTeX Warning: Command \i invalid in math mode on input line 36.

! Undefined control sequence.
l.37 \ee
        
The control sequence at the end of the top line
of your error message was never \def'ed. If you have
misspelled it (e.g., `\hobx'), type `I' and the correct
spelling (e.g., `I\hbox'). Otherwise just continue,
and I'll forget about whatever was undefined.

Missing character: There is no 这 in font cmr10!
Missing character: There is no 里 in font cmr10!
! Missing $ inserted.
<inserted text> 
                $
l.38 这里$\mu
           _\alpha=(k_\alpha^2-\xi^2)^{1/2}$，$\alpha=s,p$， 其中 $k_p=\omega/\s...
I've inserted a begin-math/end-math symbol since I think
you left one out. Proceed, with fingers crossed.

Missing character: There is no ， in font nullfont!
Missing character: There is no ， in font nullfont!
Missing character: There is no 其 in font nullfont!
Missing character: There is no 中 in font nullfont!
! Undefined control sequence.
l.38 ...}$，$\alpha=s,p$， 其中 $k_p=\omega/\sqrt{\lam
                                                  +2\mu}, k_s=\omega/\sqrt{\...
The control sequence at the end of the top line
of your error message was never \def'ed. If you have
misspelled it (e.g., `\hobx'), type `I' and the correct
spelling (e.g., `I\hbox'). Otherwise just continue,
and I'll forget about whatever was undefined.

Missing character: There is no 为 in font nullfont!
Missing character: There is no p in font nullfont!
Missing character: There is no 波 in font nullfont!
Missing character: There is no 和 in font nullfont!
Missing character: There is no s in font nullfont!
Missing character: There is no 波 in font nullfont!
Missing character: There is no 的 in font nullfont!
Missing character: There is no 波 in font nullfont!
Missing character: There is no 数 in font nullfont!
Missing character: There is no . in font nullfont!
Missing character: There is no 为 in font nullfont!
Missing character: There is no 了 in font nullfont!
Missing character: There is no 利 in font nullfont!
Missing character: There is no 用 in font nullfont!
Missing character: There is no 基 in font nullfont!
Missing character: There is no 本 in font nullfont!
Missing character: There is no 解 in font nullfont!
! Undefined control sequence.
<recently read> \G 
                   
l.39 为了利用基本解$\G
               (x,y)$在 $x=y$ 处的奇性，我们令：
The control sequence at the end of the top line
of your error message was never \def'ed. If you have
misspelled it (e.g., `\hobx'), type `I' and the correct
spelling (e.g., `I\hbox'). Otherwise just continue,
and I'll forget about whatever was undefined.

Missing character: There is no 在 in font nullfont!
Missing character: There is no 处 in font nullfont!
Missing character: There is no 的 in font nullfont!
Missing character: There is no 奇 in font nullfont!
Missing character: There is no 性 in font nullfont!
Missing character: There is no ， in font nullfont!
Missing character: There is no 我 in font nullfont!
Missing character: There is no 们 in font nullfont!
Missing character: There is no 令 in font nullfont!
Missing character: There is no ： in font nullfont!
! Undefined control sequence.
l.40 \ben
         
The control sequence at the end of the top line
of your error message was never \def'ed. If you have
misspelled it (e.g., `\hobx'), type `I' and the correct
spelling (e.g., `I\hbox'). Otherwise just continue,
and I'll forget about whatever was undefined.

! Undefined control sequence.
l.41 \N
       _c(x,y)=\N(x,y)-(\G(x,y)-\G(x,y')),
The control sequence at the end of the top line
of your error message was never \def'ed. If you have
misspelled it (e.g., `\hobx'), type `I' and the correct
spelling (e.g., `I\hbox'). Otherwise just continue,
and I'll forget about whatever was undefined.

! Missing $ inserted.
<inserted text> 
                $
l.41 \N_
        c(x,y)=\N(x,y)-(\G(x,y)-\G(x,y')),
I've inserted a begin-math/end-math symbol since I think
you left one out. Proceed, with fingers crossed.

! Undefined control sequence.
l.41 \N_c(x,y)=\N
                 (x,y)-(\G(x,y)-\G(x,y')),
The control sequence at the end of the top line
of your error message was never \def'ed. If you have
misspelled it (e.g., `\hobx'), type `I' and the correct
spelling (e.g., `I\hbox'). Otherwise just continue,
and I'll forget about whatever was undefined.

! Undefined control sequence.
l.41 \N_c(x,y)=\N(x,y)-(\G
                          (x,y)-\G(x,y')),
The control sequence at the end of the top line
of your error message was never \def'ed. If you have
misspelled it (e.g., `\hobx'), type `I' and the correct
spelling (e.g., `I\hbox'). Otherwise just continue,
and I'll forget about whatever was undefined.

! Undefined control sequence.
l.41 \N_c(x,y)=\N(x,y)-(\G(x,y)-\G
                                  (x,y')),
The control sequence at the end of the top line
of your error message was never \def'ed. If you have
misspelled it (e.g., `\hobx'), type `I' and the correct
spelling (e.g., `I\hbox'). Otherwise just continue,
and I'll forget about whatever was undefined.

! Undefined control sequence.
l.42 \een
         
The control sequence at the end of the top line
of your error message was never \def'ed. If you have
misspelled it (e.g., `\hobx'), type `I' and the correct
spelling (e.g., `I\hbox'). Otherwise just continue,
and I'll forget about whatever was undefined.

Missing character: There is no 其 in font cmr10!
Missing character: There is no 中 in font cmr10!
Missing character: There is no y in font nullfont!
Missing character: There is no ' in font nullfont!
Missing character: There is no = in font nullfont!
Missing character: There is no ( in font nullfont!
Missing character: There is no y in font nullfont!
! Missing $ inserted.
<inserted text> 
                $
l.43 其中$y'=(y_
              1,-y_2)$ 为y关于$x_1$轴的镜像点. 于是由式(\ref{eq_n1}-\ref{eq_n2})，可得$\N_c...
I've inserted a begin-math/end-math symbol since I think
you left one out. Proceed, with fingers crossed.

Missing character: There is no 为 in font nullfont!
Missing character: There is no y in font nullfont!
Missing character: There is no 关 in font nullfont!
Missing character: There is no 于 in font nullfont!
Missing character: There is no 轴 in font nullfont!
Missing character: There is no 的 in font nullfont!
Missing character: There is no 镜 in font nullfont!
Missing character: There is no 像 in font nullfont!
Missing character: There is no 点 in font nullfont!
Missing character: There is no . in font nullfont!
Missing character: There is no 于 in font nullfont!
Missing character: There is no 是 in font nullfont!
Missing character: There is no 由 in font nullfont!
Missing character: There is no 式 in font nullfont!
Missing character: There is no ( in font nullfont!
! Undefined control sequence.
<write> ...ng: Reference `eq_n1' on page \thepage 
                                                  \space undefined\on@line .^^J
l.43 ..._1,-y_2)$ 为y关于$x_1$轴的镜像点. 于是由式(\ref{eq_n1}
                                                  -\ref{eq_n2})，可得$\N_c(x,y)...
The control sequence at the end of the top line
of your error message was never \def'ed. If you have
misspelled it (e.g., `\hobx'), type `I' and the correct
spelling (e.g., `I\hbox'). Otherwise just continue,
and I'll forget about whatever was undefined.


LaTeX Warning: Reference `eq_n1' on page  undefined on input line 43.

Missing character: There is no - in font nullfont!
! Undefined control sequence.
<write> ...ng: Reference `eq_n2' on page \thepage 
                                                  \space undefined\on@line .^^J
l.43 ...关于$x_1$轴的镜像点. 于是由式(\ref{eq_n1}-\ref{eq_n2}
                                                  )，可得$\N_c(x,y)$满足如下方程：
The control sequence at the end of the top line
of your error message was never \def'ed. If you have
misspelled it (e.g., `\hobx'), type `I' and the correct
spelling (e.g., `I\hbox'). Otherwise just continue,
and I'll forget about whatever was undefined.


LaTeX Warning: Reference `eq_n2' on page  undefined on input line 43.

Missing character: There is no ) in font nullfont!
Missing character: There is no ， in font nullfont!
Missing character: There is no 可 in font nullfont!
Missing character: There is no 得 in font nullfont!
! Undefined control sequence.
<recently read> \N 
                   
l.43 ...轴的镜像点. 于是由式(\ref{eq_n1}-\ref{eq_n2})，可得$\N
                                                  _c(x,y)$满足如下方程：
The control sequence at the end of the top line
of your error message was never \def'ed. If you have
misspelled it (e.g., `\hobx'), type `I' and the correct
spelling (e.g., `I\hbox'). Otherwise just continue,
and I'll forget about whatever was undefined.

Missing character: There is no 满 in font nullfont!
Missing character: There is no 足 in font nullfont!
Missing character: There is no 如 in font nullfont!
Missing character: There is no 下 in font nullfont!
Missing character: There is no 方 in font nullfont!
Missing character: There is no 程 in font nullfont!
Missing character: There is no ： in font nullfont!
! Undefined control sequence.
l.44 \be
        
The control sequence at the end of the top line
of your error message was never \def'ed. If you have
misspelled it (e.g., `\hobx'), type `I' and the correct
spelling (e.g., `I\hbox'). Otherwise just continue,
and I'll forget about whatever was undefined.

! Misplaced alignment tab character &.
l.45 &
       & \Delta_e [\N_c(x;y)q] + \omega^2 [\N_c(x,y)q] = 0 \ \ \mbox{in }\R^...
I can't figure out why you would want to use a tab mark
here. If you just want an ampersand, the remedy is
simple: Just type `I\&' now. But if some right brace
up above has ended a previous alignment prematurely,
you're probably due for more error messages, and you
might try typing `S' now just to see what is salvageable.

! Misplaced alignment tab character &.
l.45 & &
         \Delta_e [\N_c(x;y)q] + \omega^2 [\N_c(x,y)q] = 0 \ \ \mbox{in }\R^...
I can't figure out why you would want to use a tab mark
here. If you just want an ampersand, the remedy is
simple: Just type `I\&' now. But if some right brace
up above has ended a previous alignment prematurely,
you're probably due for more error messages, and you
might try typing `S' now just to see what is salvageable.

! Missing $ inserted.
<inserted text> 
                $
l.45 & & \Delta
               _e [\N_c(x;y)q] + \omega^2 [\N_c(x,y)q] = 0 \ \ \mbox{in }\R^...
I've inserted a begin-math/end-math symbol since I think
you left one out. Proceed, with fingers crossed.

! Undefined control sequence.
l.45 & & \Delta_e [\N
                     _c(x;y)q] + \omega^2 [\N_c(x,y)q] = 0 \ \ \mbox{in }\R^...
The control sequence at the end of the top line
of your error message was never \def'ed. If you have
misspelled it (e.g., `\hobx'), type `I' and the correct
spelling (e.g., `I\hbox'). Otherwise just continue,
and I'll forget about whatever was undefined.

! Undefined control sequence.
l.45 & & \Delta_e [\N_c(x;y)q] + \omega^2 [\N
                                             _c(x,y)q] = 0 \ \ \mbox{in }\R^...
The control sequence at the end of the top line
of your error message was never \def'ed. If you have
misspelled it (e.g., `\hobx'), type `I' and the correct
spelling (e.g., `I\hbox'). Otherwise just continue,
and I'll forget about whatever was undefined.

Missing character: There is no i in font nullfont!
Missing character: There is no n in font nullfont!
! Undefined control sequence.
l.45 ...\omega^2 [\N_c(x,y)q] = 0 \ \ \mbox{in }\R
                                                  ^2_+ , \label{eq_n3} \\
The control sequence at the end of the top line
of your error message was never \def'ed. If you have
misspelled it (e.g., `\hobx'), type `I' and the correct
spelling (e.g., `I\hbox'). Otherwise just continue,
and I'll forget about whatever was undefined.

! Misplaced alignment tab character &.
<recently read> &
                 
l.46 &
       & \sigma(\N_c(x,y)q)e_2 =-\sigma(\G(x,y)-\G(x,y')) \ \ \mbox{on } \Ga...
I can't figure out why you would want to use a tab mark
here. If you just want an ampersand, the remedy is
simple: Just type `I\&' now. But if some right brace
up above has ended a previous alignment prematurely,
you're probably due for more error messages, and you
might try typing `S' now just to see what is salvageable.

! Misplaced alignment tab character &.
l.46 & &
         \sigma(\N_c(x,y)q)e_2 =-\sigma(\G(x,y)-\G(x,y')) \ \ \mbox{on } \Ga...
I can't figure out why you would want to use a tab mark
here. If you just want an ampersand, the remedy is
simple: Just type `I\&' now. But if some right brace
up above has ended a previous alignment prematurely,
you're probably due for more error messages, and you
might try typing `S' now just to see what is salvageable.

! Undefined control sequence.
l.46 & & \sigma(\N
                  _c(x,y)q)e_2 =-\sigma(\G(x,y)-\G(x,y')) \ \ \mbox{on } \Ga...
The control sequence at the end of the top line
of your error message was never \def'ed. If you have
misspelled it (e.g., `\hobx'), type `I' and the correct
spelling (e.g., `I\hbox'). Otherwise just continue,
and I'll forget about whatever was undefined.

! Undefined control sequence.
l.46 & & \sigma(\N_c(x,y)q)e_2 =-\sigma(\G
                                          (x,y)-\G(x,y')) \ \ \mbox{on } \Ga...
The control sequence at the end of the top line
of your error message was never \def'ed. If you have
misspelled it (e.g., `\hobx'), type `I' and the correct
spelling (e.g., `I\hbox'). Otherwise just continue,
and I'll forget about whatever was undefined.

! Undefined control sequence.
l.46 & & \sigma(\N_c(x,y)q)e_2 =-\sigma(\G(x,y)-\G
                                                  (x,y')) \ \ \mbox{on } \Ga...
The control sequence at the end of the top line
of your error message was never \def'ed. If you have
misspelled it (e.g., `\hobx'), type `I' and the correct
spelling (e.g., `I\hbox'). Otherwise just continue,
and I'll forget about whatever was undefined.

Missing character: There is no o in font nullfont!
Missing character: There is no n in font nullfont!
! Undefined control sequence.
l.47 \ee
        
The control sequence at the end of the top line
of your error message was never \def'ed. If you have
misspelled it (e.g., `\hobx'), type `I' and the correct
spelling (e.g., `I\hbox'). Otherwise just continue,
and I'll forget about whatever was undefined.


! LaTeX Error: Environment remark undefined.

See the LaTeX manual or LaTeX Companion for explanation.
Type  H <return>  for immediate help.
 ...                                              
                                                  
l.48 \begin{remark}
                   
Your command was ignored.
Type  I <command> <return>  to replace it with another command,
or  <return>  to continue without it.

! Missing \endgroup inserted.
<inserted text> 
                \endgroup 
l.49 ^^I在全篇论文中，我们假设对于任意的$
                         z\in \mathbb{C}\backslash\{0\}$， $z^{1/2}$是多值函数$\sq...
I've inserted something that you may have forgotten.
(See the <inserted text> above.)
With luck, this will get me unwedged. But if you
really didn't forget anything, try typing `2' now; then
my insertion and my current dilemma will both disappear.

Missing character: There is no 在 in font cmr10!
Missing character: There is no 全 in font cmr10!
Missing character: There is no 篇 in font cmr10!
Missing character: There is no 论 in font cmr10!
Missing character: There is no 文 in font cmr10!
Missing character: There is no 中 in font cmr10!
Missing character: There is no ， in font cmr10!
Missing character: There is no 我 in font cmr10!
Missing character: There is no 们 in font cmr10!
Missing character: There is no 假 in font cmr10!
Missing character: There is no 设 in font cmr10!
Missing character: There is no 对 in font cmr10!
Missing character: There is no 于 in font cmr10!
Missing character: There is no 任 in font cmr10!
Missing character: There is no 意 in font cmr10!
Missing character: There is no 的 in font cmr10!
Missing character: There is no z in font nullfont!
! Missing $ inserted.
<inserted text> 
                $
l.49 ^^I在全篇论文中，我们假设对于任意的$z\in
                              \mathbb{C}\backslash\{0\}$， $z^{1/2}$是多值函数$\sq...
I've inserted a begin-math/end-math symbol since I think
you left one out. Proceed, with fingers crossed.

! Undefined control sequence.
l.49 ^^I在全篇论文中，我们假设对于任意的$z\in \mathbb
                                     {C}\backslash\{0\}$， $z^{1/2}$是多值函数$\sq...
(That makes 100 errors; please try again.) 
Here is how much of TeX's memory you used:
 61 strings out of 492970
 1235 string characters out of 6133939
 67642 words of memory out of 5000000
 4155 multiletter control sequences out of 15000+600000
 8570 words of font info for 23 fonts, out of 8000000 for 9000
 1348 hyphenation exceptions out of 8191
 19i,8n,24p,509b,113s stack positions out of 5000i,500n,10000p,200000b,80000s

No pages of output.
