\BOOKMARK [0][-]{chapter.1}{第1章  引言}{}% 1
\BOOKMARK [1][-]{section.1.1}{1.1 研究背景}{chapter.1}% 2
\BOOKMARK [1][-]{section.1.2}{1.2 弹性波半空间散射与逆散射问题}{chapter.1}% 3
\BOOKMARK [1][-]{section.1.3}{1.3 逆时偏移方法简介}{chapter.1}% 4
\BOOKMARK [1][-]{section.1.4}{1.4 本文主要工作}{chapter.1}% 5
\BOOKMARK [0][-]{chapter.2}{第2章  基础知识}{}% 6
\BOOKMARK [0][-]{chapter.3}{第3章  半空间弹性波散射问题}{}% 7
\BOOKMARK [1][-]{section.3.1}{3.1 半空间弹性波 Green 函数}{chapter.3}% 8
\BOOKMARK [2][-]{subsection.3.1.1}{3.1.1 Neumann Green 函数}{section.3.1}% 9
\BOOKMARK [2][-]{subsection.3.1.2}{3.1.2 Dirichlet Green 函数}{section.3.1}% 10
\BOOKMARK [1][-]{section.3.2}{3.2 正散射问题的适定性}{chapter.3}% 11
\BOOKMARK [0][-]{chapter.4}{第4章  半空间反散射问题的逆时偏移算法}{}% 12
\BOOKMARK [1][-]{section.4.1}{4.1 问题介绍}{chapter.4}% 13
\BOOKMARK [1][-]{section.4.2}{4.2 点扩散函数}{chapter.4}% 14
\BOOKMARK [1][-]{section.4.3}{4.3 逆时偏移算法}{chapter.4}% 15
\BOOKMARK [2][-]{subsection.4.3.1}{4.3.1 反射面为x1轴}{section.4.3}% 16
\BOOKMARK [2][-]{subsection.4.3.2}{4.3.2 反射面为任意平面}{section.4.3}% 17
\BOOKMARK [1][-]{section.4.4}{4.4 其它类型障碍物的RTM分辨率分析}{chapter.4}% 18
\BOOKMARK [1][-]{section.4.5}{4.5 数值测试}{chapter.4}% 19
\BOOKMARK [1][-]{section.4.6}{4.6 本章小结}{chapter.4}% 20
\BOOKMARK [0][-]{chapter.5}{第5章  总结与展望}{}% 21
\BOOKMARK [0][-]{appendix.A}{附录 A  TBD}{}% 22
\BOOKMARK [0][-]{section*.27}{参考文献}{}% 23
\BOOKMARK [0][-]{appendix*.29}{作者简历及攻读学位期间发表的学术论文与研究成果}{}% 24
\BOOKMARK [0][-]{appendix*.34}{致谢}{}% 25
