\BOOKMARK [0][-]{chapter*.1}{\376\377\144\130\000\040\211\201}{}% 1
\BOOKMARK [0][-]{chapter*.2}{\376\377\000A\000b\000s\000t\000r\000a\000c\000t}{}% 2
\BOOKMARK [0][-]{section*.3}{\376\377\166\356\000\040\137\125}{}% 3
\BOOKMARK [0][-]{section*.5}{\376\377\126\376\137\142\122\027\210\150}{}% 4
\BOOKMARK [0][-]{chapter*.7}{\376\377\173\046\123\367\122\027\210\150}{}% 5
\BOOKMARK [0][-]{chapter.1}{\376\377\173\054\116\000\172\340\000\040\000\040\137\025\212\000}{}% 6
\BOOKMARK [1][-]{section.1.1}{\376\377\0001\000.\0001\000\040\130\360\154\342\123\112\172\172\225\364\145\143\134\004\225\356\230\230\116\016\220\006\145\143\134\004\225\356\230\230}{chapter.1}% 7
\BOOKMARK [1][-]{section.1.2}{\376\377\0001\000.\0002\000\040\220\006\145\366\120\117\171\373\173\227\154\325\140\035\140\363\116\313\176\315}{chapter.1}% 8
\BOOKMARK [1][-]{section.1.3}{\376\377\0001\000.\0003\000\040\154\342\133\374\152\041\127\213\122\035\153\145\116\313\176\315}{chapter.1}% 9
\BOOKMARK [1][-]{section.1.4}{\376\377\0001\000.\0004\000\040\147\054\145\207\116\073\211\201\135\345\117\134}{chapter.1}% 10
\BOOKMARK [0][-]{chapter.2}{\376\377\173\054\116\214\172\340\000\040\000\040\130\360\154\342\123\112\172\172\225\364\145\340\166\370\117\115\145\160\143\156\142\020\120\317\225\356\230\230}{}% 11
\BOOKMARK [1][-]{section.2.1}{\376\377\0002\000.\0001\000\040\225\356\230\230\116\313\176\315}{chapter.2}% 12
\BOOKMARK [1][-]{section.2.2}{\376\377\0002\000.\0002\000\040\123\112\172\172\225\364\145\340\166\370\117\115\220\006\145\366\120\117\171\373\173\227\154\325}{chapter.2}% 13
\BOOKMARK [1][-]{section.2.3}{\376\377\0002\000.\0003\000\040\230\204\131\007\167\345\213\306}{chapter.2}% 14
\BOOKMARK [1][-]{section.2.4}{\376\377\0002\000.\0004\000\040\145\340\166\370\117\115\220\006\145\366\120\117\171\373\173\227\154\325\166\204\122\006\217\250\163\207\122\006\147\220}{chapter.2}% 15
\BOOKMARK [1][-]{section.2.5}{\376\377\0002\000.\0005\000\040\116\015\123\357\172\177\220\017\140\305\137\142}{chapter.2}% 16
\BOOKMARK [1][-]{section.2.6}{\376\377\0002\000.\0006\000\040\145\160\120\074\173\227\117\213}{chapter.2}% 17
\BOOKMARK [1][-]{section.2.7}{\376\377\0002\000.\0007\000\040\147\054\172\340\134\017\176\323}{chapter.2}% 18
\BOOKMARK [0][-]{chapter.3}{\376\377\173\054\116\011\172\340\000\040\000\040\000P\000e\000k\000e\000r\000i\000s\137\000\154\342\133\374\220\006\145\143\134\004\225\356\230\230}{}% 19
\BOOKMARK [1][-]{section.3.1}{\376\377\0003\000.\0001\000\040\225\356\230\230\116\313\176\315}{chapter.3}% 20
\BOOKMARK [1][-]{section.3.2}{\376\377\0003\000.\0002\000\040\000P\000e\000k\000e\000r\000i\000s\137\000\154\342\133\374\153\143\145\143\134\004\225\356\230\230}{chapter.3}% 21
\BOOKMARK [1][-]{section.3.3}{\376\377\0003\000.\0003\000\040\160\271\142\151\145\143\121\375\145\160}{chapter.3}% 22
\BOOKMARK [1][-]{section.3.4}{\376\377\0003\000.\0004\000\040\000P\000e\000k\000e\000r\000i\000s\137\000\154\342\133\374\220\006\145\366\120\117\171\373\173\227\154\325}{chapter.3}% 23
\BOOKMARK [1][-]{section.3.5}{\376\377\0003\000.\0005\000\040\145\160\120\074\155\113\213\325}{chapter.3}% 24
\BOOKMARK [1][-]{section.3.6}{\376\377\0003\000.\0006\000\040\173\227\154\325\122\006\147\220\116\016\140\035\200\003}{chapter.3}% 25
\BOOKMARK [1][-]{section.3.7}{\376\377\0003\000.\0007\000\040\147\054\172\340\134\017\176\323}{chapter.3}% 26
\BOOKMARK [0][-]{chapter.4}{\376\377\173\054\126\333\172\340\000\040\000\040\226\073\142\227\127\213\137\000\154\342\133\374\220\006\145\366\120\117\171\373\173\227\154\325}{}% 27
\BOOKMARK [1][-]{section.4.1}{\376\377\0004\000.\0001\000\040\000I\000m\000p\000e\000d\000a\000n\000c\000e\150\074\147\227\121\375\145\160}{chapter.4}% 28
\BOOKMARK [1][-]{section.4.2}{\376\377\0004\000.\0002\000\040\160\271\142\151\145\143\121\375\145\160}{chapter.4}% 29
\BOOKMARK [1][-]{section.4.3}{\376\377\0004\000.\0003\000\040\226\073\142\227\127\213\137\000\154\342\133\374\220\006\145\366\120\117\171\373\173\227\154\325}{chapter.4}% 30
\BOOKMARK [1][-]{section.4.4}{\376\377\0004\000.\0004\000\040\145\160\120\074\155\113\213\325}{chapter.4}% 31
\BOOKMARK [0][-]{chapter.5}{\376\377\173\054\116\224\172\340\000\040\000\040\140\073\176\323\116\016\134\125\147\033}{}% 32
\BOOKMARK [0][-]{appendix.A}{\376\377\226\104\137\125\000\040\000A\000\040\000\040\000H\000e\000m\000h\000o\000l\000t\000z\145\143\134\004\174\373\145\160\116\313\176\315}{}% 33
\BOOKMARK [0][-]{appendix.B}{\376\377\226\104\137\125\000\040\000B\000\040\000\040\137\000\154\342\133\374\160\271\142\151\145\143\121\375\145\160\122\006\147\220}{}% 34
\BOOKMARK [1][-]{section.B.1}{\376\377\000B\000.\0001\000\040\133\232\164\006\0003\000.\0003\000.\0001\166\204\213\301\146\016}{appendix.B}% 35
\BOOKMARK [0][-]{appendix.C}{\376\377\226\104\137\125\000\040\000C\000\040\000\040\225\355\154\342\133\374\220\006\145\366\120\117\171\373\173\227\154\325\213\250\213\272}{}% 36
\BOOKMARK [1][-]{section.C.1}{\376\377\000C\000.\0001\000\040\136\163\147\177\130\360\154\342\225\355\154\342\133\374\150\074\147\227\121\375\145\160}{appendix.C}% 37
\BOOKMARK [1][-]{section.C.2}{\376\377\000C\000.\0002\000\040\225\355\154\342\133\374\160\271\142\151\145\143\121\375\145\160}{appendix.C}% 38
\BOOKMARK [0][-]{section*.46}{\376\377\123\302\200\003\145\207\163\056}{}% 39
\BOOKMARK [0][-]{appendix*.48}{\376\377\173\200\123\206}{}% 40
\BOOKMARK [0][-]{appendix*.54}{\376\377\201\364\000\040\214\042}{}% 41
